<?xml version="1.0" encoding="utf-8"?>
<TestRun id="abc4714e-cbe1-496b-8dc6-3b302dc2ad2b" name="princ@PCSB2 2025-11-24 21:18:14" runUser="PCSB2\princ" xmlns="http://microsoft.com/schemas/VisualStudio/TeamTest/2010">
  <Times creation="2025-11-24T21:18:14.8576042+01:00" queuing="2025-11-24T21:18:14.8576048+01:00" start="2025-11-24T21:17:51.8329508+01:00" finish="2025-11-24T21:18:22.6695727+01:00" />
  <TestSettings name="default" id="4f4355a0-be07-4204-8917-7b65d1bb0f9b">
    <Deployment runDeploymentRoot="princ_PCSB2_2025-11-24_21_18_14" />
  </TestSettings>
  <Results>
    <UnitTestResult executionId="95a66a42-0c85-4b17-b57f-954ab7f156a7" testId="6a70036e-ffec-3f41-c23c-9f126d371b5b" testName="MatchdayPredictions.Api.IntegrationTests.MatchesAndPredictionsTests.Matches_can_be_created_and_fetched" computerName="PCSB2" duration="00:00:00.7268103" startTime="2025-11-24T21:18:20.5249677+01:00" endTime="2025-11-24T21:18:20.5249681+01:00" testType="13cdc9d9-ddb5-4fa4-a97d-d965ccfc6d4b" outcome="Passed" testListId="8c84fa94-04c1-424b-9868-57a2d4851a1d" relativeResultsDirectory="95a66a42-0c85-4b17-b57f-954ab7f156a7" />
    <UnitTestResult executionId="fd08dee0-f825-4afc-9180-e24634ad6da6" testId="b2306954-6919-845d-1dbf-f374f14a8ab0" testName="MatchdayPredictions.Api.IntegrationTests.MatchesAndPredictionsTests.Matches_requires_authentication" computerName="PCSB2" duration="00:00:00.0212414" startTime="2025-11-24T21:18:18.7681716+01:00" endTime="2025-11-24T21:18:18.7681720+01:00" testType="13cdc9d9-ddb5-4fa4-a97d-d965ccfc6d4b" outcome="Passed" testListId="8c84fa94-04c1-424b-9868-57a2d4851a1d" relativeResultsDirectory="fd08dee0-f825-4afc-9180-e24634ad6da6" />
    <UnitTestResult executionId="625ce1b3-3412-4913-a2f9-b689d2ccb00d" testId="cabb8a27-ce95-6fec-0dba-00bf492ac678" testName="MatchdayPredictions.Api.IntegrationTests.AuthAndUsersTests.Login_requests_exceeding_limit_are_rejected" computerName="PCSB2" duration="00:00:01.3734410" startTime="2025-11-24T21:18:18.7414676+01:00" endTime="2025-11-24T21:18:18.7414680+01:00" testType="13cdc9d9-ddb5-4fa4-a97d-d965ccfc6d4b" outcome="Passed" testListId="8c84fa94-04c1-424b-9868-57a2d4851a1d" relativeResultsDirectory="625ce1b3-3412-4913-a2f9-b689d2ccb00d">
      <Output>
        <StdOut>Configured permit limit: 5&#xD;
Rate limit statuses: OK=5, TooManyRequests=5</StdOut>
      </Output>
    </UnitTestResult>
    <UnitTestResult executionId="73d273ff-c5f0-4eba-a290-3ab87135866a" testId="e66b23e5-4a39-4691-8575-e20ab045aafb" testName="MatchdayPredictions.Api.IntegrationTests.MatchesAndPredictionsTests.Predictions_respect_user_guardrails" computerName="PCSB2" duration="00:00:01.0250596" startTime="2025-11-24T21:18:19.7943969+01:00" endTime="2025-11-24T21:18:19.7943973+01:00" testType="13cdc9d9-ddb5-4fa4-a97d-d965ccfc6d4b" outcome="Passed" testListId="8c84fa94-04c1-424b-9868-57a2d4851a1d" relativeResultsDirectory="73d273ff-c5f0-4eba-a290-3ab87135866a" />
    <UnitTestResult executionId="1b0be7af-60ee-4fda-9586-61deded8ae35" testId="6d5a7a6f-e544-cc4c-dd10-0cf519acdd25" testName="MatchdayPredictions.Api.IntegrationTests.AuthAndUsersTests.Get_profile_without_token_returns_unauthorized" computerName="PCSB2" duration="00:00:03.4302418" startTime="2025-11-24T21:18:14.7730620+01:00" endTime="2025-11-24T21:18:14.7731125+01:00" testType="13cdc9d9-ddb5-4fa4-a97d-d965ccfc6d4b" outcome="Passed" testListId="8c84fa94-04c1-424b-9868-57a2d4851a1d" relativeResultsDirectory="1b0be7af-60ee-4fda-9586-61deded8ae35" />
    <UnitTestResult executionId="4e27ec22-7f35-4146-a709-53ddd6d7c4ad" testId="9d73cf1a-9294-7f32-634f-fa9c579a2afe" testName="MatchdayPredictions.Api.IntegrationTests.AuthAndUsersTests.Login_with_wrong_password_returns_unauthorized" computerName="PCSB2" duration="00:00:01.6676256" startTime="2025-11-24T21:18:16.4452329+01:00" endTime="2025-11-24T21:18:16.4452333+01:00" testType="13cdc9d9-ddb5-4fa4-a97d-d965ccfc6d4b" outcome="Passed" testListId="8c84fa94-04c1-424b-9868-57a2d4851a1d" relativeResultsDirectory="4e27ec22-7f35-4146-a709-53ddd6d7c4ad" />
    <UnitTestResult executionId="241178d4-ceed-46fa-b35a-2a1826eecb71" testId="9acb3310-2912-e67e-2b73-c58e27523748" testName="MatchdayPredictions.Api.IntegrationTests.MatchesAndPredictionsTests.Create_match_with_invalid_body_returns_validation_error" computerName="PCSB2" duration="00:00:00.6579014" startTime="2025-11-24T21:18:21.1843029+01:00" endTime="2025-11-24T21:18:21.1843033+01:00" testType="13cdc9d9-ddb5-4fa4-a97d-d965ccfc6d4b" outcome="Passed" testListId="8c84fa94-04c1-424b-9868-57a2d4851a1d" relativeResultsDirectory="241178d4-ceed-46fa-b35a-2a1826eecb71" />
    <UnitTestResult executionId="e85f42a6-4b2e-420e-a3c6-cadc2e498bab" testId="dde36121-bc10-166b-1dda-718cae7b2048" testName="MatchdayPredictions.Api.IntegrationTests.AuthAndUsersTests.Register_login_and_read_profile" computerName="PCSB2" duration="00:00:00.9173290" startTime="2025-11-24T21:18:17.3663713+01:00" endTime="2025-11-24T21:18:17.3663718+01:00" testType="13cdc9d9-ddb5-4fa4-a97d-d965ccfc6d4b" outcome="Passed" testListId="8c84fa94-04c1-424b-9868-57a2d4851a1d" relativeResultsDirectory="e85f42a6-4b2e-420e-a3c6-cadc2e498bab" />
  </Results>
  <TestDefinitions>
    <UnitTest name="MatchdayPredictions.Api.IntegrationTests.MatchesAndPredictionsTests.Create_match_with_invalid_body_returns_validation_error" storage="c:\users\princ\documents\github\matchday-predictions-api\matchdaypredictions.api.integrationtests\bin\release\net10.0\matchdaypredictions.api.integrationtests.dll" id="9acb3310-2912-e67e-2b73-c58e27523748">
      <Execution id="241178d4-ceed-46fa-b35a-2a1826eecb71" />
      <TestMethod codeBase="C:\Users\princ\Documents\GitHub\matchday-predictions-api\MatchdayPredictions.Api.IntegrationTests\bin\Release\net10.0\MatchdayPredictions.Api.IntegrationTests.dll" adapterTypeName="executor://xunit/VsTestRunner2/netcoreapp" className="MatchdayPredictions.Api.IntegrationTests.MatchesAndPredictionsTests" name="Create_match_with_invalid_body_returns_validation_error" />
    </UnitTest>
    <UnitTest name="MatchdayPredictions.Api.IntegrationTests.AuthAndUsersTests.Login_requests_exceeding_limit_are_rejected" storage="c:\users\princ\documents\github\matchday-predictions-api\matchdaypredictions.api.integrationtests\bin\release\net10.0\matchdaypredictions.api.integrationtests.dll" id="cabb8a27-ce95-6fec-0dba-00bf492ac678">
      <Execution id="625ce1b3-3412-4913-a2f9-b689d2ccb00d" />
      <TestMethod codeBase="C:\Users\princ\Documents\GitHub\matchday-predictions-api\MatchdayPredictions.Api.IntegrationTests\bin\Release\net10.0\MatchdayPredictions.Api.IntegrationTests.dll" adapterTypeName="executor://xunit/VsTestRunner2/netcoreapp" className="MatchdayPredictions.Api.IntegrationTests.AuthAndUsersTests" name="Login_requests_exceeding_limit_are_rejected" />
    </UnitTest>
    <UnitTest name="MatchdayPredictions.Api.IntegrationTests.MatchesAndPredictionsTests.Predictions_respect_user_guardrails" storage="c:\users\princ\documents\github\matchday-predictions-api\matchdaypredictions.api.integrationtests\bin\release\net10.0\matchdaypredictions.api.integrationtests.dll" id="e66b23e5-4a39-4691-8575-e20ab045aafb">
      <Execution id="73d273ff-c5f0-4eba-a290-3ab87135866a" />
      <TestMethod codeBase="C:\Users\princ\Documents\GitHub\matchday-predictions-api\MatchdayPredictions.Api.IntegrationTests\bin\Release\net10.0\MatchdayPredictions.Api.IntegrationTests.dll" adapterTypeName="executor://xunit/VsTestRunner2/netcoreapp" className="MatchdayPredictions.Api.IntegrationTests.MatchesAndPredictionsTests" name="Predictions_respect_user_guardrails" />
    </UnitTest>
    <UnitTest name="MatchdayPredictions.Api.IntegrationTests.AuthAndUsersTests.Register_login_and_read_profile" storage="c:\users\princ\documents\github\matchday-predictions-api\matchdaypredictions.api.integrationtests\bin\release\net10.0\matchdaypredictions.api.integrationtests.dll" id="dde36121-bc10-166b-1dda-718cae7b2048">
      <Execution id="e85f42a6-4b2e-420e-a3c6-cadc2e498bab" />
      <TestMethod codeBase="C:\Users\princ\Documents\GitHub\matchday-predictions-api\MatchdayPredictions.Api.IntegrationTests\bin\Release\net10.0\MatchdayPredictions.Api.IntegrationTests.dll" adapterTypeName="executor://xunit/VsTestRunner2/netcoreapp" className="MatchdayPredictions.Api.IntegrationTests.AuthAndUsersTests" name="Register_login_and_read_profile" />
    </UnitTest>
    <UnitTest name="MatchdayPredictions.Api.IntegrationTests.AuthAndUsersTests.Get_profile_without_token_returns_unauthorized" storage="c:\users\princ\documents\github\matchday-predictions-api\matchdaypredictions.api.integrationtests\bin\release\net10.0\matchdaypredictions.api.integrationtests.dll" id="6d5a7a6f-e544-cc4c-dd10-0cf519acdd25">
      <Execution id="1b0be7af-60ee-4fda-9586-61deded8ae35" />
      <TestMethod codeBase="C:\Users\princ\Documents\GitHub\matchday-predictions-api\MatchdayPredictions.Api.IntegrationTests\bin\Release\net10.0\MatchdayPredictions.Api.IntegrationTests.dll" adapterTypeName="executor://xunit/VsTestRunner2/netcoreapp" className="MatchdayPredictions.Api.IntegrationTests.AuthAndUsersTests" name="Get_profile_without_token_returns_unauthorized" />
    </UnitTest>
    <UnitTest name="MatchdayPredictions.Api.IntegrationTests.MatchesAndPredictionsTests.Matches_requires_authentication" storage="c:\users\princ\documents\github\matchday-predictions-api\matchdaypredictions.api.integrationtests\bin\release\net10.0\matchdaypredictions.api.integrationtests.dll" id="b2306954-6919-845d-1dbf-f374f14a8ab0">
      <Execution id="fd08dee0-f825-4afc-9180-e24634ad6da6" />
      <TestMethod codeBase="C:\Users\princ\Documents\GitHub\matchday-predictions-api\MatchdayPredictions.Api.IntegrationTests\bin\Release\net10.0\MatchdayPredictions.Api.IntegrationTests.dll" adapterTypeName="executor://xunit/VsTestRunner2/netcoreapp" className="MatchdayPredictions.Api.IntegrationTests.MatchesAndPredictionsTests" name="Matches_requires_authentication" />
    </UnitTest>
    <UnitTest name="MatchdayPredictions.Api.IntegrationTests.MatchesAndPredictionsTests.Matches_can_be_created_and_fetched" storage="c:\users\princ\documents\github\matchday-predictions-api\matchdaypredictions.api.integrationtests\bin\release\net10.0\matchdaypredictions.api.integrationtests.dll" id="6a70036e-ffec-3f41-c23c-9f126d371b5b">
      <Execution id="95a66a42-0c85-4b17-b57f-954ab7f156a7" />
      <TestMethod codeBase="C:\Users\princ\Documents\GitHub\matchday-predictions-api\MatchdayPredictions.Api.IntegrationTests\bin\Release\net10.0\MatchdayPredictions.Api.IntegrationTests.dll" adapterTypeName="executor://xunit/VsTestRunner2/netcoreapp" className="MatchdayPredictions.Api.IntegrationTests.MatchesAndPredictionsTests" name="Matches_can_be_created_and_fetched" />
    </UnitTest>
    <UnitTest name="MatchdayPredictions.Api.IntegrationTests.AuthAndUsersTests.Login_with_wrong_password_returns_unauthorized" storage="c:\users\princ\documents\github\matchday-predictions-api\matchdaypredictions.api.integrationtests\bin\release\net10.0\matchdaypredictions.api.integrationtests.dll" id="9d73cf1a-9294-7f32-634f-fa9c579a2afe">
      <Execution id="4e27ec22-7f35-4146-a709-53ddd6d7c4ad" />
      <TestMethod codeBase="C:\Users\princ\Documents\GitHub\matchday-predictions-api\MatchdayPredictions.Api.IntegrationTests\bin\Release\net10.0\MatchdayPredictions.Api.IntegrationTests.dll" adapterTypeName="executor://xunit/VsTestRunner2/netcoreapp" className="MatchdayPredictions.Api.IntegrationTests.AuthAndUsersTests" name="Login_with_wrong_password_returns_unauthorized" />
    </UnitTest>
  </TestDefinitions>
  <TestEntries>
    <TestEntry testId="6a70036e-ffec-3f41-c23c-9f126d371b5b" executionId="95a66a42-0c85-4b17-b57f-954ab7f156a7" testListId="8c84fa94-04c1-424b-9868-57a2d4851a1d" />
    <TestEntry testId="b2306954-6919-845d-1dbf-f374f14a8ab0" executionId="fd08dee0-f825-4afc-9180-e24634ad6da6" testListId="8c84fa94-04c1-424b-9868-57a2d4851a1d" />
    <TestEntry testId="cabb8a27-ce95-6fec-0dba-00bf492ac678" executionId="625ce1b3-3412-4913-a2f9-b689d2ccb00d" testListId="8c84fa94-04c1-424b-9868-57a2d4851a1d" />
    <TestEntry testId="e66b23e5-4a39-4691-8575-e20ab045aafb" executionId="73d273ff-c5f0-4eba-a290-3ab87135866a" testListId="8c84fa94-04c1-424b-9868-57a2d4851a1d" />
    <TestEntry testId="6d5a7a6f-e544-cc4c-dd10-0cf519acdd25" executionId="1b0be7af-60ee-4fda-9586-61deded8ae35" testListId="8c84fa94-04c1-424b-9868-57a2d4851a1d" />
    <TestEntry testId="9d73cf1a-9294-7f32-634f-fa9c579a2afe" executionId="4e27ec22-7f35-4146-a709-53ddd6d7c4ad" testListId="8c84fa94-04c1-424b-9868-57a2d4851a1d" />
    <TestEntry testId="9acb3310-2912-e67e-2b73-c58e27523748" executionId="241178d4-ceed-46fa-b35a-2a1826eecb71" testListId="8c84fa94-04c1-424b-9868-57a2d4851a1d" />
    <TestEntry testId="dde36121-bc10-166b-1dda-718cae7b2048" executionId="e85f42a6-4b2e-420e-a3c6-cadc2e498bab" testListId="8c84fa94-04c1-424b-9868-57a2d4851a1d" />
  </TestEntries>
  <TestLists>
    <TestList name="Results Not in a List" id="8c84fa94-04c1-424b-9868-57a2d4851a1d" />
    <TestList name="All Loaded Results" id="19431567-8539-422a-85d7-44ee4e166bda" />
  </TestLists>
  <ResultSummary outcome="Completed">
    <Counters total="8" executed="8" passed="8" failed="0" error="0" timeout="0" aborted="0" inconclusive="0" passedButRunAborted="0" notRunnable="0" notExecuted="0" disconnected="0" warning="0" completed="0" inProgress="0" pending="0" />
    <Output>
      <StdOut>[xUnit.net 00:00:00.00] xUnit.net VSTest Adapter v2.8.2+699d445a1a (64-bit .NET 10.0.0)&#xD;
[xUnit.net 00:00:00.77]   Discovering: MatchdayPredictions.Api.IntegrationTests&#xD;
[xUnit.net 00:00:00.83]   Discovered:  MatchdayPredictions.Api.IntegrationTests&#xD;
[xUnit.net 00:00:00.83]   Starting:    MatchdayPredictions.Api.IntegrationTests&#xD;
[testcontainers.org 00:00:00.13] Connected to Docker:&#xD;
  Host: npipe://./pipe/docker_engine&#xD;
  Server Version: 28.5.2&#xD;
  Kernel Version: 6.6.87.2-microsoft-standard-WSL2&#xD;
  API Version: 1.51&#xD;
  Operating System: Docker Desktop&#xD;
  Total Memory: 7.61 GB&#xD;
[testcontainers.org 00:00:00.54] Docker container 0c61fec4b418 created&#xD;
[testcontainers.org 00:00:00.74] Start Docker container 0c61fec4b418&#xD;
[testcontainers.org 00:00:01.30] Wait for Docker container 0c61fec4b418 to complete readiness checks&#xD;
[testcontainers.org 00:00:01.31] Docker container 0c61fec4b418 ready&#xD;
[testcontainers.org 00:00:01.58] Docker container 997cdec87e4f created&#xD;
[testcontainers.org 00:00:01.61] Start Docker container 997cdec87e4f&#xD;
[testcontainers.org 00:00:02.11] Wait for Docker container 997cdec87e4f to complete readiness checks&#xD;
[testcontainers.org 00:00:02.13] Execute "/bin/sh -c /opt/mssql-tools18/bin/sqlcmd -C -S 127.0.0.1 -U sa -P "Str0ngP@ssw0rd!" -Q "SELECT 1"" at Docker container 997cdec87e4f&#xD;
[testcontainers.org 00:00:11.32] Execute "/bin/sh -c /opt/mssql-tools18/bin/sqlcmd -C -S 127.0.0.1 -U sa -P "Str0ngP@ssw0rd!" -Q "SELECT 1"" at Docker container 997cdec87e4f&#xD;
[testcontainers.org 00:00:15.08] Execute "/bin/sh -c /opt/mssql-tools18/bin/sqlcmd -C -S 127.0.0.1 -U sa -P "Str0ngP@ssw0rd!" -Q "SELECT 1"" at Docker container 997cdec87e4f&#xD;
[testcontainers.org 00:00:16.33] Execute "/bin/sh -c /opt/mssql-tools18/bin/sqlcmd -C -S 127.0.0.1 -U sa -P "Str0ngP@ssw0rd!" -Q "SELECT 1"" at Docker container 997cdec87e4f&#xD;
[testcontainers.org 00:00:16.56] Docker container 997cdec87e4f ready&#xD;
[21:18:11 INF]  Starting MatchdayPredictions.Api v1.0.1.0&#xD;
[21:18:11 INF] Microsoft.AspNetCore.DataProtection.KeyManagement.XmlKeyManager User profile is available. Using 'C:\Users\princ\AppData\Local\ASP.NET\DataProtection-Keys' as key repository and Windows DPAPI to encrypt keys at rest.&#xD;
[21:18:12 INF] Microsoft.AspNetCore.Hosting.Diagnostics Request starting HTTP/1.1 POST http://localhost/api/v1/users - application/json; charset=utf-8 124&#xD;
[21:18:12 WRN] Microsoft.AspNetCore.HttpsPolicy.HttpsRedirectionMiddleware Failed to determine the https port for redirect.&#xD;
[21:18:12 INF] Microsoft.AspNetCore.Routing.EndpointMiddleware Executing endpoint 'MatchdayPredictions.Api.Controllers.UsersController.Create (MatchdayPredictions.Api)'&#xD;
[21:18:12 INF] Microsoft.AspNetCore.Mvc.Infrastructure.ControllerActionInvoker Route matched with {action = "Create", controller = "Users"}. Executing controller action with signature System.Threading.Tasks.Task`1[Microsoft.AspNetCore.Mvc.IActionResult] Create(MatchdayPredictions.Api.Models.Api.CreateUserRequest) on controller MatchdayPredictions.Api.Controllers.UsersController (MatchdayPredictions.Api).&#xD;
[21:18:13 INF] Microsoft.AspNetCore.Mvc.Infrastructure.ObjectResultExecutor Executing CreatedAtActionResult, writing value of type 'MatchdayPredictions.Api.Models.Api.CreateUserRequest'.&#xD;
[21:18:13 INF] Microsoft.AspNetCore.Mvc.Infrastructure.ControllerActionInvoker Executed action MatchdayPredictions.Api.Controllers.UsersController.Create (MatchdayPredictions.Api) in 1441.3616ms&#xD;
[21:18:13 INF] Microsoft.AspNetCore.Routing.EndpointMiddleware Executed endpoint 'MatchdayPredictions.Api.Controllers.UsersController.Create (MatchdayPredictions.Api)'&#xD;
[21:18:13 INF] Serilog.AspNetCore.RequestLoggingMiddleware HTTP POST /api/v1/users responded 201 in 1654.2562 ms&#xD;
[21:18:13 INF] Microsoft.AspNetCore.Hosting.Diagnostics Request finished HTTP/1.1 POST http://localhost/api/v1/users - 201 null application/json; charset=utf-8 1695.7484ms&#xD;
[21:18:13 INF] Microsoft.AspNetCore.Hosting.Diagnostics Request starting HTTP/1.1 POST http://localhost/api/v1/auth/login - application/json; charset=utf-8 62&#xD;
[21:18:13 INF] Microsoft.AspNetCore.Routing.EndpointMiddleware Executing endpoint 'MatchdayPredictions.Api.Controllers.AuthController.Login (MatchdayPredictions.Api)'&#xD;
[21:18:13 INF] Microsoft.AspNetCore.Mvc.Infrastructure.ControllerActionInvoker Route matched with {action = "Login", controller = "Auth"}. Executing controller action with signature System.Threading.Tasks.Task`1[Microsoft.AspNetCore.Mvc.IActionResult] Login(MatchdayPredictions.Api.Models.Api.LoginRequest) on controller MatchdayPredictions.Api.Controllers.AuthController (MatchdayPredictions.Api).&#xD;
[21:18:14 INF] Microsoft.AspNetCore.Mvc.Infrastructure.ObjectResultExecutor Executing OkObjectResult, writing value of type '&lt;&gt;f__AnonymousType0`1[[System.String, System.Private.CoreLib, Version=10.0.0.0, Culture=neutral, PublicKeyToken=7cec85d7bea7798e]]'.&#xD;
[21:18:14 INF] Microsoft.AspNetCore.Mvc.Infrastructure.ControllerActionInvoker Executed action MatchdayPredictions.Api.Controllers.AuthController.Login (MatchdayPredictions.Api) in 665.1059ms&#xD;
[21:18:14 INF] Microsoft.AspNetCore.Routing.EndpointMiddleware Executed endpoint 'MatchdayPredictions.Api.Controllers.AuthController.Login (MatchdayPredictions.Api)'&#xD;
[21:18:14 INF] Serilog.AspNetCore.RequestLoggingMiddleware HTTP POST /api/v1/auth/login responded 200 in 686.4462 ms&#xD;
[21:18:14 INF] Microsoft.AspNetCore.Hosting.Diagnostics Request finished HTTP/1.1 POST http://localhost/api/v1/auth/login - 200 null application/json; charset=utf-8 688.3908ms&#xD;
[21:18:14 INF] Microsoft.AspNetCore.Hosting.Diagnostics Request starting HTTP/1.1 GET http://localhost/api/v1/users/me - null null&#xD;
[21:18:14 INF] Microsoft.AspNetCore.Routing.EndpointMiddleware Executing endpoint 'MatchdayPredictions.Api.Controllers.UsersController.GetSelf (MatchdayPredictions.Api)'&#xD;
[21:18:14 INF] Microsoft.AspNetCore.Mvc.Infrastructure.ControllerActionInvoker Route matched with {action = "GetSelf", controller = "Users"}. Executing controller action with signature System.Threading.Tasks.Task`1[Microsoft.AspNetCore.Mvc.IActionResult] GetSelf() on controller MatchdayPredictions.Api.Controllers.UsersController (MatchdayPredictions.Api).&#xD;
[21:18:14 INF] Microsoft.AspNetCore.Mvc.Infrastructure.ObjectResultExecutor Executing OkObjectResult, writing value of type 'MatchdayPredictions.Api.Models.Api.User'.&#xD;
[21:18:14 INF] Microsoft.AspNetCore.Mvc.Infrastructure.ControllerActionInvoker Executed action MatchdayPredictions.Api.Controllers.UsersController.GetSelf (MatchdayPredictions.Api) in 40.6221ms&#xD;
[21:18:14 INF] Microsoft.AspNetCore.Routing.EndpointMiddleware Executed endpoint 'MatchdayPredictions.Api.Controllers.UsersController.GetSelf (MatchdayPredictions.Api)'&#xD;
[21:18:14 INF] Serilog.AspNetCore.RequestLoggingMiddleware HTTP GET /api/v1/users/me responded 200 in 173.5270 ms&#xD;
[21:18:14 INF] Microsoft.AspNetCore.Hosting.Diagnostics Request finished HTTP/1.1 GET http://localhost/api/v1/users/me - 200 null application/json; charset=utf-8 175.9497ms&#xD;
[21:18:14 INF] Microsoft.AspNetCore.Hosting.Diagnostics Request starting HTTP/1.1 GET http://localhost/api/v1/users/me - null null&#xD;
[21:18:14 INF] Microsoft.AspNetCore.Authorization.DefaultAuthorizationService Authorization failed. These requirements were not met:&#xD;
DenyAnonymousAuthorizationRequirement: Requires an authenticated user.&#xD;
[21:18:14 INF] Microsoft.AspNetCore.Authentication.JwtBearer.JwtBearerHandler AuthenticationScheme: Bearer was challenged.&#xD;
[21:18:14 INF] Serilog.AspNetCore.RequestLoggingMiddleware HTTP GET /api/v1/users/me responded 401 in 9.5479 ms&#xD;
[21:18:14 INF] Microsoft.AspNetCore.Hosting.Diagnostics Request finished HTTP/1.1 GET http://localhost/api/v1/users/me - 401 null null 10.5616ms&#xD;
[21:18:14 INF] Microsoft.AspNetCore.Hosting.Diagnostics Request starting HTTP/1.1 POST http://localhost/api/v1/users - application/json; charset=utf-8 124&#xD;
[21:18:14 INF] Microsoft.AspNetCore.Routing.EndpointMiddleware Executing endpoint 'MatchdayPredictions.Api.Controllers.UsersController.Create (MatchdayPredictions.Api)'&#xD;
[21:18:14 INF] Microsoft.AspNetCore.Mvc.Infrastructure.ControllerActionInvoker Route matched with {action = "Create", controller = "Users"}. Executing controller action with signature System.Threading.Tasks.Task`1[Microsoft.AspNetCore.Mvc.IActionResult] Create(MatchdayPredictions.Api.Models.Api.CreateUserRequest) on controller MatchdayPredictions.Api.Controllers.UsersController (MatchdayPredictions.Api).&#xD;
[21:18:15 INF] Microsoft.AspNetCore.Mvc.Infrastructure.ObjectResultExecutor Executing CreatedAtActionResult, writing value of type 'MatchdayPredictions.Api.Models.Api.CreateUserRequest'.&#xD;
[21:18:15 INF] Microsoft.AspNetCore.Mvc.Infrastructure.ControllerActionInvoker Executed action MatchdayPredictions.Api.Controllers.UsersController.Create (MatchdayPredictions.Api) in 774.1598ms&#xD;
[21:18:15 INF] Microsoft.AspNetCore.Routing.EndpointMiddleware Executed endpoint 'MatchdayPredictions.Api.Controllers.UsersController.Create (MatchdayPredictions.Api)'&#xD;
[21:18:15 INF] Serilog.AspNetCore.RequestLoggingMiddleware HTTP POST /api/v1/users responded 201 in 777.2624 ms&#xD;
[21:18:15 INF] Microsoft.AspNetCore.Hosting.Diagnostics Request finished HTTP/1.1 POST http://localhost/api/v1/users - 201 null application/json; charset=utf-8 777.816ms&#xD;
[21:18:15 INF] Microsoft.AspNetCore.Hosting.Diagnostics Request starting HTTP/1.1 POST http://localhost/api/v1/auth/login - application/json; charset=utf-8 62&#xD;
[21:18:15 INF] Microsoft.AspNetCore.Routing.EndpointMiddleware Executing endpoint 'MatchdayPredictions.Api.Controllers.AuthController.Login (MatchdayPredictions.Api)'&#xD;
[21:18:15 INF] Microsoft.AspNetCore.Mvc.Infrastructure.ControllerActionInvoker Route matched with {action = "Login", controller = "Auth"}. Executing controller action with signature System.Threading.Tasks.Task`1[Microsoft.AspNetCore.Mvc.IActionResult] Login(MatchdayPredictions.Api.Models.Api.LoginRequest) on controller MatchdayPredictions.Api.Controllers.AuthController (MatchdayPredictions.Api).&#xD;
[21:18:16 INF] Microsoft.AspNetCore.Mvc.Infrastructure.ObjectResultExecutor Executing OkObjectResult, writing value of type '&lt;&gt;f__AnonymousType0`1[[System.String, System.Private.CoreLib, Version=10.0.0.0, Culture=neutral, PublicKeyToken=7cec85d7bea7798e]]'.&#xD;
[21:18:16 INF] Microsoft.AspNetCore.Mvc.Infrastructure.ControllerActionInvoker Executed action MatchdayPredictions.Api.Controllers.AuthController.Login (MatchdayPredictions.Api) in 489.2613ms&#xD;
[21:18:16 INF] Microsoft.AspNetCore.Routing.EndpointMiddleware Executed endpoint 'MatchdayPredictions.Api.Controllers.AuthController.Login (MatchdayPredictions.Api)'&#xD;
[21:18:16 INF] Serilog.AspNetCore.RequestLoggingMiddleware HTTP POST /api/v1/auth/login responded 200 in 490.0421 ms&#xD;
[21:18:16 INF] Microsoft.AspNetCore.Hosting.Diagnostics Request finished HTTP/1.1 POST http://localhost/api/v1/auth/login - 200 null application/json; charset=utf-8 490.3295ms&#xD;
[21:18:16 INF] Microsoft.AspNetCore.Hosting.Diagnostics Request starting HTTP/1.1 GET http://localhost/api/v1/users/me - null null&#xD;
[21:18:16 INF] Microsoft.AspNetCore.Routing.EndpointMiddleware Executing endpoint 'MatchdayPredictions.Api.Controllers.UsersController.GetSelf (MatchdayPredictions.Api)'&#xD;
[21:18:16 INF] Microsoft.AspNetCore.Mvc.Infrastructure.ControllerActionInvoker Route matched with {action = "GetSelf", controller = "Users"}. Executing controller action with signature System.Threading.Tasks.Task`1[Microsoft.AspNetCore.Mvc.IActionResult] GetSelf() on controller MatchdayPredictions.Api.Controllers.UsersController (MatchdayPredictions.Api).&#xD;
[21:18:16 INF] Microsoft.AspNetCore.Mvc.Infrastructure.ObjectResultExecutor Executing OkObjectResult, writing value of type 'MatchdayPredictions.Api.Models.Api.User'.&#xD;
[21:18:16 INF] Microsoft.AspNetCore.Mvc.Infrastructure.ControllerActionInvoker Executed action MatchdayPredictions.Api.Controllers.UsersController.GetSelf (MatchdayPredictions.Api) in 3.1277ms&#xD;
[21:18:16 INF] Microsoft.AspNetCore.Routing.EndpointMiddleware Executed endpoint 'MatchdayPredictions.Api.Controllers.UsersController.GetSelf (MatchdayPredictions.Api)'&#xD;
[21:18:16 INF] Serilog.AspNetCore.RequestLoggingMiddleware HTTP GET /api/v1/users/me responded 200 in 4.4735 ms&#xD;
[21:18:16 INF] Microsoft.AspNetCore.Hosting.Diagnostics Request finished HTTP/1.1 GET http://localhost/api/v1/users/me - 200 null application/json; charset=utf-8 4.7247ms&#xD;
[21:18:16 INF] Microsoft.AspNetCore.Hosting.Diagnostics Request starting HTTP/1.1 POST http://localhost/api/v1/auth/login - application/json; charset=utf-8 66&#xD;
[21:18:16 INF] Microsoft.AspNetCore.Routing.EndpointMiddleware Executing endpoint 'MatchdayPredictions.Api.Controllers.AuthController.Login (MatchdayPredictions.Api)'&#xD;
[21:18:16 INF] Microsoft.AspNetCore.Mvc.Infrastructure.ControllerActionInvoker Route matched with {action = "Login", controller = "Auth"}. Executing controller action with signature System.Threading.Tasks.Task`1[Microsoft.AspNetCore.Mvc.IActionResult] Login(MatchdayPredictions.Api.Models.Api.LoginRequest) on controller MatchdayPredictions.Api.Controllers.AuthController (MatchdayPredictions.Api).&#xD;
[21:18:16 INF] Microsoft.AspNetCore.Mvc.Infrastructure.ObjectResultExecutor Executing UnauthorizedObjectResult, writing value of type 'MatchdayPredictions.Api.Models.Api.ErrorResponse'.&#xD;
[21:18:16 INF] Microsoft.AspNetCore.Mvc.Infrastructure.ControllerActionInvoker Executed action MatchdayPredictions.Api.Controllers.AuthController.Login (MatchdayPredictions.Api) in 357.4158ms&#xD;
[21:18:16 INF] Microsoft.AspNetCore.Routing.EndpointMiddleware Executed endpoint 'MatchdayPredictions.Api.Controllers.AuthController.Login (MatchdayPredictions.Api)'&#xD;
[21:18:16 INF] Serilog.AspNetCore.RequestLoggingMiddleware HTTP POST /api/v1/auth/login responded 401 in 358.8853 ms&#xD;
[21:18:16 INF] Microsoft.AspNetCore.Hosting.Diagnostics Request finished HTTP/1.1 POST http://localhost/api/v1/auth/login - 401 null application/json; charset=utf-8 359.2984ms&#xD;
[21:18:16 INF] Microsoft.AspNetCore.Hosting.Diagnostics Request starting HTTP/1.1 POST http://localhost/api/v1/users - application/json; charset=utf-8 124&#xD;
[21:18:16 INF] Microsoft.AspNetCore.Routing.EndpointMiddleware Executing endpoint 'MatchdayPredictions.Api.Controllers.UsersController.Create (MatchdayPredictions.Api)'&#xD;
[21:18:16 INF] Microsoft.AspNetCore.Mvc.Infrastructure.ControllerActionInvoker Route matched with {action = "Create", controller = "Users"}. Executing controller action with signature System.Threading.Tasks.Task`1[Microsoft.AspNetCore.Mvc.IActionResult] Create(MatchdayPredictions.Api.Models.Api.CreateUserRequest) on controller MatchdayPredictions.Api.Controllers.UsersController (MatchdayPredictions.Api).&#xD;
[21:18:16 INF] Microsoft.AspNetCore.Mvc.Infrastructure.ObjectResultExecutor Executing CreatedAtActionResult, writing value of type 'MatchdayPredictions.Api.Models.Api.CreateUserRequest'.&#xD;
[21:18:16 INF] Microsoft.AspNetCore.Mvc.Infrastructure.ControllerActionInvoker Executed action MatchdayPredictions.Api.Controllers.UsersController.Create (MatchdayPredictions.Api) in 474.5682ms&#xD;
[21:18:16 INF] Microsoft.AspNetCore.Routing.EndpointMiddleware Executed endpoint 'MatchdayPredictions.Api.Controllers.UsersController.Create (MatchdayPredictions.Api)'&#xD;
[21:18:16 INF] Serilog.AspNetCore.RequestLoggingMiddleware HTTP POST /api/v1/users responded 201 in 475.3920 ms&#xD;
[21:18:16 INF] Microsoft.AspNetCore.Hosting.Diagnostics Request finished HTTP/1.1 POST http://localhost/api/v1/users - 201 null application/json; charset=utf-8 475.813ms&#xD;
[21:18:16 INF] Microsoft.AspNetCore.Hosting.Diagnostics Request starting HTTP/1.1 POST http://localhost/api/v1/auth/login - application/json; charset=utf-8 62&#xD;
[21:18:16 INF] Microsoft.AspNetCore.Routing.EndpointMiddleware Executing endpoint 'MatchdayPredictions.Api.Controllers.AuthController.Login (MatchdayPredictions.Api)'&#xD;
[21:18:16 INF] Microsoft.AspNetCore.Mvc.Infrastructure.ControllerActionInvoker Route matched with {action = "Login", controller = "Auth"}. Executing controller action with signature System.Threading.Tasks.Task`1[Microsoft.AspNetCore.Mvc.IActionResult] Login(MatchdayPredictions.Api.Models.Api.LoginRequest) on controller MatchdayPredictions.Api.Controllers.AuthController (MatchdayPredictions.Api).&#xD;
[21:18:17 INF] Microsoft.AspNetCore.Mvc.Infrastructure.ObjectResultExecutor Executing OkObjectResult, writing value of type '&lt;&gt;f__AnonymousType0`1[[System.String, System.Private.CoreLib, Version=10.0.0.0, Culture=neutral, PublicKeyToken=7cec85d7bea7798e]]'.&#xD;
[21:18:17 INF] Microsoft.AspNetCore.Mvc.Infrastructure.ControllerActionInvoker Executed action MatchdayPredictions.Api.Controllers.AuthController.Login (MatchdayPredictions.Api) in 400.473ms&#xD;
[21:18:17 INF] Microsoft.AspNetCore.Routing.EndpointMiddleware Executed endpoint 'MatchdayPredictions.Api.Controllers.AuthController.Login (MatchdayPredictions.Api)'&#xD;
[21:18:17 INF] Serilog.AspNetCore.RequestLoggingMiddleware HTTP POST /api/v1/auth/login responded 200 in 401.5567 ms&#xD;
[21:18:17 INF] Microsoft.AspNetCore.Hosting.Diagnostics Request finished HTTP/1.1 POST http://localhost/api/v1/auth/login - 200 null application/json; charset=utf-8 402.0859ms&#xD;
[21:18:17 INF] Microsoft.AspNetCore.Hosting.Diagnostics Request starting HTTP/1.1 GET http://localhost/api/v1/users/me - null null&#xD;
[21:18:17 INF] Microsoft.AspNetCore.Routing.EndpointMiddleware Executing endpoint 'MatchdayPredictions.Api.Controllers.UsersController.GetSelf (MatchdayPredictions.Api)'&#xD;
[21:18:17 INF] Microsoft.AspNetCore.Mvc.Infrastructure.ControllerActionInvoker Route matched with {action = "GetSelf", controller = "Users"}. Executing controller action with signature System.Threading.Tasks.Task`1[Microsoft.AspNetCore.Mvc.IActionResult] GetSelf() on controller MatchdayPredictions.Api.Controllers.UsersController (MatchdayPredictions.Api).&#xD;
[21:18:17 INF] Microsoft.AspNetCore.Mvc.Infrastructure.ObjectResultExecutor Executing OkObjectResult, writing value of type 'MatchdayPredictions.Api.Models.Api.User'.&#xD;
[21:18:17 INF] Microsoft.AspNetCore.Mvc.Infrastructure.ControllerActionInvoker Executed action MatchdayPredictions.Api.Controllers.UsersController.GetSelf (MatchdayPredictions.Api) in 3.8808ms&#xD;
[21:18:17 INF] Microsoft.AspNetCore.Routing.EndpointMiddleware Executed endpoint 'MatchdayPredictions.Api.Controllers.UsersController.GetSelf (MatchdayPredictions.Api)'&#xD;
[21:18:17 INF] Serilog.AspNetCore.RequestLoggingMiddleware HTTP GET /api/v1/users/me responded 200 in 5.1511 ms&#xD;
[21:18:17 INF] Microsoft.AspNetCore.Hosting.Diagnostics Request finished HTTP/1.1 GET http://localhost/api/v1/users/me - 200 null application/json; charset=utf-8 5.5278ms&#xD;
[21:18:17 INF] Microsoft.AspNetCore.Hosting.Diagnostics Request starting HTTP/1.1 GET http://localhost/api/v1/users/me - null null&#xD;
[21:18:17 INF] Microsoft.AspNetCore.Routing.EndpointMiddleware Executing endpoint 'MatchdayPredictions.Api.Controllers.UsersController.GetSelf (MatchdayPredictions.Api)'&#xD;
[21:18:17 INF] Microsoft.AspNetCore.Mvc.Infrastructure.ControllerActionInvoker Route matched with {action = "GetSelf", controller = "Users"}. Executing controller action with signature System.Threading.Tasks.Task`1[Microsoft.AspNetCore.Mvc.IActionResult] GetSelf() on controller MatchdayPredictions.Api.Controllers.UsersController (MatchdayPredictions.Api).&#xD;
[21:18:17 INF] Microsoft.AspNetCore.Mvc.Infrastructure.ObjectResultExecutor Executing OkObjectResult, writing value of type 'MatchdayPredictions.Api.Models.Api.User'.&#xD;
[21:18:17 INF] Microsoft.AspNetCore.Mvc.Infrastructure.ControllerActionInvoker Executed action MatchdayPredictions.Api.Controllers.UsersController.GetSelf (MatchdayPredictions.Api) in 3.0171ms&#xD;
[21:18:17 INF] Microsoft.AspNetCore.Routing.EndpointMiddleware Executed endpoint 'MatchdayPredictions.Api.Controllers.UsersController.GetSelf (MatchdayPredictions.Api)'&#xD;
[21:18:17 INF] Serilog.AspNetCore.RequestLoggingMiddleware HTTP GET /api/v1/users/me responded 200 in 4.9923 ms&#xD;
[21:18:17 INF] Microsoft.AspNetCore.Hosting.Diagnostics Request finished HTTP/1.1 GET http://localhost/api/v1/users/me - 200 null application/json; charset=utf-8 6.2185ms&#xD;
[21:18:17 INF]  Starting MatchdayPredictions.Api v1.0.1.0&#xD;
[21:18:17 INF] Microsoft.AspNetCore.DataProtection.KeyManagement.XmlKeyManager User profile is available. Using 'C:\Users\princ\AppData\Local\ASP.NET\DataProtection-Keys' as key repository and Windows DPAPI to encrypt keys at rest.&#xD;
[21:18:17 INF] Microsoft.AspNetCore.Hosting.Diagnostics Request starting HTTP/1.1 POST http://localhost/api/v1/users - application/json; charset=utf-8 131&#xD;
[21:18:17 WRN] Microsoft.AspNetCore.HttpsPolicy.HttpsRedirectionMiddleware Failed to determine the https port for redirect.&#xD;
[21:18:17 INF] Microsoft.AspNetCore.Routing.EndpointMiddleware Executing endpoint 'MatchdayPredictions.Api.Controllers.UsersController.Create (MatchdayPredictions.Api)'&#xD;
[21:18:17 INF] Microsoft.AspNetCore.Mvc.Infrastructure.ControllerActionInvoker Route matched with {action = "Create", controller = "Users"}. Executing controller action with signature System.Threading.Tasks.Task`1[Microsoft.AspNetCore.Mvc.IActionResult] Create(MatchdayPredictions.Api.Models.Api.CreateUserRequest) on controller MatchdayPredictions.Api.Controllers.UsersController (MatchdayPredictions.Api).&#xD;
[21:18:18 INF] Microsoft.AspNetCore.Mvc.Infrastructure.ObjectResultExecutor Executing CreatedAtActionResult, writing value of type 'MatchdayPredictions.Api.Models.Api.CreateUserRequest'.&#xD;
[21:18:18 INF] Microsoft.AspNetCore.Mvc.Infrastructure.ControllerActionInvoker Executed action MatchdayPredictions.Api.Controllers.UsersController.Create (MatchdayPredictions.Api) in 555.0417ms&#xD;
[21:18:18 INF] Microsoft.AspNetCore.Routing.EndpointMiddleware Executed endpoint 'MatchdayPredictions.Api.Controllers.UsersController.Create (MatchdayPredictions.Api)'&#xD;
[21:18:18 INF] Serilog.AspNetCore.RequestLoggingMiddleware HTTP POST /api/v1/users responded 201 in 582.1635 ms&#xD;
[21:18:18 INF] Microsoft.AspNetCore.Hosting.Diagnostics Request finished HTTP/1.1 POST http://localhost/api/v1/users - 201 null application/json; charset=utf-8 596.2084ms&#xD;
[21:18:18 INF] Microsoft.AspNetCore.Hosting.Diagnostics Request starting HTTP/1.1 POST http://localhost/api/v1/auth/login - application/json; charset=utf-8 62&#xD;
[21:18:18 INF] Microsoft.AspNetCore.Hosting.Diagnostics Request starting HTTP/1.1 POST http://localhost/api/v1/auth/login - application/json; charset=utf-8 62&#xD;
[21:18:18 INF] Microsoft.AspNetCore.Hosting.Diagnostics Request starting HTTP/1.1 POST http://localhost/api/v1/auth/login - application/json; charset=utf-8 62&#xD;
[21:18:18 INF] Microsoft.AspNetCore.Routing.EndpointMiddleware Executing endpoint 'MatchdayPredictions.Api.Controllers.AuthController.Login (MatchdayPredictions.Api)'&#xD;
[21:18:18 INF] Microsoft.AspNetCore.Routing.EndpointMiddleware Executing endpoint 'MatchdayPredictions.Api.Controllers.AuthController.Login (MatchdayPredictions.Api)'&#xD;
[21:18:18 INF] Microsoft.AspNetCore.Routing.EndpointMiddleware Executing endpoint 'MatchdayPredictions.Api.Controllers.AuthController.Login (MatchdayPredictions.Api)'&#xD;
[21:18:18 INF] Microsoft.AspNetCore.Mvc.Infrastructure.ControllerActionInvoker Route matched with {action = "Login", controller = "Auth"}. Executing controller action with signature System.Threading.Tasks.Task`1[Microsoft.AspNetCore.Mvc.IActionResult] Login(MatchdayPredictions.Api.Models.Api.LoginRequest) on controller MatchdayPredictions.Api.Controllers.AuthController (MatchdayPredictions.Api).&#xD;
[21:18:18 INF] Microsoft.AspNetCore.Mvc.Infrastructure.ControllerActionInvoker Route matched with {action = "Login", controller = "Auth"}. Executing controller action with signature System.Threading.Tasks.Task`1[Microsoft.AspNetCore.Mvc.IActionResult] Login(MatchdayPredictions.Api.Models.Api.LoginRequest) on controller MatchdayPredictions.Api.Controllers.AuthController (MatchdayPredictions.Api).&#xD;
[21:18:18 INF] Microsoft.AspNetCore.Mvc.Infrastructure.ControllerActionInvoker Route matched with {action = "Login", controller = "Auth"}. Executing controller action with signature System.Threading.Tasks.Task`1[Microsoft.AspNetCore.Mvc.IActionResult] Login(MatchdayPredictions.Api.Models.Api.LoginRequest) on controller MatchdayPredictions.Api.Controllers.AuthController (MatchdayPredictions.Api).&#xD;
[21:18:18 INF] Microsoft.AspNetCore.Hosting.Diagnostics Request starting HTTP/1.1 POST http://localhost/api/v1/auth/login - application/json; charset=utf-8 62&#xD;
[21:18:18 INF] Microsoft.AspNetCore.Hosting.Diagnostics Request starting HTTP/1.1 POST http://localhost/api/v1/auth/login - application/json; charset=utf-8 62&#xD;
[21:18:18 INF] Microsoft.AspNetCore.Routing.EndpointMiddleware Executing endpoint 'MatchdayPredictions.Api.Controllers.AuthController.Login (MatchdayPredictions.Api)'&#xD;
[21:18:18 INF] Microsoft.AspNetCore.Mvc.Infrastructure.ControllerActionInvoker Route matched with {action = "Login", controller = "Auth"}. Executing controller action with signature System.Threading.Tasks.Task`1[Microsoft.AspNetCore.Mvc.IActionResult] Login(MatchdayPredictions.Api.Models.Api.LoginRequest) on controller MatchdayPredictions.Api.Controllers.AuthController (MatchdayPredictions.Api).&#xD;
[21:18:18 INF] Microsoft.AspNetCore.Hosting.Diagnostics Request starting HTTP/1.1 POST http://localhost/api/v1/auth/login - application/json; charset=utf-8 62&#xD;
[21:18:18 INF] Microsoft.AspNetCore.Routing.EndpointMiddleware Executing endpoint 'MatchdayPredictions.Api.Controllers.AuthController.Login (MatchdayPredictions.Api)'&#xD;
[21:18:18 INF] Microsoft.AspNetCore.Mvc.Infrastructure.ControllerActionInvoker Route matched with {action = "Login", controller = "Auth"}. Executing controller action with signature System.Threading.Tasks.Task`1[Microsoft.AspNetCore.Mvc.IActionResult] Login(MatchdayPredictions.Api.Models.Api.LoginRequest) on controller MatchdayPredictions.Api.Controllers.AuthController (MatchdayPredictions.Api).&#xD;
[21:18:18 INF] Microsoft.AspNetCore.Hosting.Diagnostics Request starting HTTP/1.1 POST http://localhost/api/v1/auth/login - application/json; charset=utf-8 62&#xD;
[21:18:18 INF] Serilog.AspNetCore.RequestLoggingMiddleware HTTP POST /api/v1/auth/login responded 429 in 7.6335 ms&#xD;
[21:18:18 INF] Microsoft.AspNetCore.Hosting.Diagnostics Request finished HTTP/1.1 POST http://localhost/api/v1/auth/login - 429 null application/json 8.0138ms&#xD;
[21:18:18 INF] Microsoft.AspNetCore.Hosting.Diagnostics Request starting HTTP/1.1 POST http://localhost/api/v1/auth/login - application/json; charset=utf-8 62&#xD;
[21:18:18 INF] Serilog.AspNetCore.RequestLoggingMiddleware HTTP POST /api/v1/auth/login responded 429 in 12.2944 ms&#xD;
[21:18:18 INF] Microsoft.AspNetCore.Hosting.Diagnostics Request finished HTTP/1.1 POST http://localhost/api/v1/auth/login - 429 null application/json 12.695ms&#xD;
[21:18:18 INF] Microsoft.AspNetCore.Hosting.Diagnostics Request starting HTTP/1.1 POST http://localhost/api/v1/auth/login - application/json; charset=utf-8 62&#xD;
[21:18:18 INF] Serilog.AspNetCore.RequestLoggingMiddleware HTTP POST /api/v1/auth/login responded 429 in 0.3107 ms&#xD;
[21:18:18 INF] Serilog.AspNetCore.RequestLoggingMiddleware HTTP POST /api/v1/auth/login responded 429 in 0.3230 ms&#xD;
[21:18:18 INF] Microsoft.AspNetCore.Hosting.Diagnostics Request finished HTTP/1.1 POST http://localhost/api/v1/auth/login - 429 null application/json 1.0647ms&#xD;
[21:18:18 INF] Microsoft.AspNetCore.Hosting.Diagnostics Request finished HTTP/1.1 POST http://localhost/api/v1/auth/login - 429 null application/json 2.3684ms&#xD;
[21:18:18 INF] Microsoft.AspNetCore.Hosting.Diagnostics Request starting HTTP/1.1 POST http://localhost/api/v1/auth/login - application/json; charset=utf-8 62&#xD;
[21:18:18 INF] Serilog.AspNetCore.RequestLoggingMiddleware HTTP POST /api/v1/auth/login responded 429 in 0.1743 ms&#xD;
[21:18:18 INF] Microsoft.AspNetCore.Hosting.Diagnostics Request finished HTTP/1.1 POST http://localhost/api/v1/auth/login - 429 null application/json 0.3384ms&#xD;
[21:18:18 INF] Microsoft.AspNetCore.Mvc.Infrastructure.ObjectResultExecutor Executing OkObjectResult, writing value of type '&lt;&gt;f__AnonymousType0`1[[System.String, System.Private.CoreLib, Version=10.0.0.0, Culture=neutral, PublicKeyToken=7cec85d7bea7798e]]'.&#xD;
[21:18:18 INF] Microsoft.AspNetCore.Mvc.Infrastructure.ControllerActionInvoker Executed action MatchdayPredictions.Api.Controllers.AuthController.Login (MatchdayPredictions.Api) in 291.6577ms&#xD;
[21:18:18 INF] Microsoft.AspNetCore.Routing.EndpointMiddleware Executed endpoint 'MatchdayPredictions.Api.Controllers.AuthController.Login (MatchdayPredictions.Api)'&#xD;
[21:18:18 INF] Serilog.AspNetCore.RequestLoggingMiddleware HTTP POST /api/v1/auth/login responded 200 in 312.7525 ms&#xD;
[21:18:18 INF] Microsoft.AspNetCore.Hosting.Diagnostics Request finished HTTP/1.1 POST http://localhost/api/v1/auth/login - 200 null application/json; charset=utf-8 313.1779ms&#xD;
[21:18:18 INF] Microsoft.AspNetCore.Mvc.Infrastructure.ObjectResultExecutor Executing OkObjectResult, writing value of type '&lt;&gt;f__AnonymousType0`1[[System.String, System.Private.CoreLib, Version=10.0.0.0, Culture=neutral, PublicKeyToken=7cec85d7bea7798e]]'.&#xD;
[21:18:18 INF] Microsoft.AspNetCore.Mvc.Infrastructure.ControllerActionInvoker Executed action MatchdayPredictions.Api.Controllers.AuthController.Login (MatchdayPredictions.Api) in 300.5562ms&#xD;
[21:18:18 INF] Microsoft.AspNetCore.Routing.EndpointMiddleware Executed endpoint 'MatchdayPredictions.Api.Controllers.AuthController.Login (MatchdayPredictions.Api)'&#xD;
[21:18:18 INF] Serilog.AspNetCore.RequestLoggingMiddleware HTTP POST /api/v1/auth/login responded 200 in 320.2498 ms&#xD;
[21:18:18 INF] Microsoft.AspNetCore.Hosting.Diagnostics Request finished HTTP/1.1 POST http://localhost/api/v1/auth/login - 200 null application/json; charset=utf-8 320.6728ms&#xD;
[21:18:18 INF] Microsoft.AspNetCore.Mvc.Infrastructure.ObjectResultExecutor Executing OkObjectResult, writing value of type '&lt;&gt;f__AnonymousType0`1[[System.String, System.Private.CoreLib, Version=10.0.0.0, Culture=neutral, PublicKeyToken=7cec85d7bea7798e]]'.&#xD;
[21:18:18 INF] Microsoft.AspNetCore.Mvc.Infrastructure.ControllerActionInvoker Executed action MatchdayPredictions.Api.Controllers.AuthController.Login (MatchdayPredictions.Api) in 319.0142ms&#xD;
[21:18:18 INF] Microsoft.AspNetCore.Routing.EndpointMiddleware Executed endpoint 'MatchdayPredictions.Api.Controllers.AuthController.Login (MatchdayPredictions.Api)'&#xD;
[21:18:18 INF] Serilog.AspNetCore.RequestLoggingMiddleware HTTP POST /api/v1/auth/login responded 200 in 320.1636 ms&#xD;
[21:18:18 INF] Microsoft.AspNetCore.Hosting.Diagnostics Request finished HTTP/1.1 POST http://localhost/api/v1/auth/login - 200 null application/json; charset=utf-8 320.635ms&#xD;
[21:18:18 INF] Microsoft.AspNetCore.Mvc.Infrastructure.ObjectResultExecutor Executing OkObjectResult, writing value of type '&lt;&gt;f__AnonymousType0`1[[System.String, System.Private.CoreLib, Version=10.0.0.0, Culture=neutral, PublicKeyToken=7cec85d7bea7798e]]'.&#xD;
[21:18:18 INF] Microsoft.AspNetCore.Mvc.Infrastructure.ControllerActionInvoker Executed action MatchdayPredictions.Api.Controllers.AuthController.Login (MatchdayPredictions.Api) in 332.7987ms&#xD;
[21:18:18 INF] Microsoft.AspNetCore.Routing.EndpointMiddleware Executed endpoint 'MatchdayPredictions.Api.Controllers.AuthController.Login (MatchdayPredictions.Api)'&#xD;
[21:18:18 INF] Serilog.AspNetCore.RequestLoggingMiddleware HTTP POST /api/v1/auth/login responded 200 in 368.3801 ms&#xD;
[21:18:18 INF] Microsoft.AspNetCore.Hosting.Diagnostics Request finished HTTP/1.1 POST http://localhost/api/v1/auth/login - 200 null application/json; charset=utf-8 368.7109ms&#xD;
[21:18:18 INF] Microsoft.AspNetCore.Mvc.Infrastructure.ObjectResultExecutor Executing OkObjectResult, writing value of type '&lt;&gt;f__AnonymousType0`1[[System.String, System.Private.CoreLib, Version=10.0.0.0, Culture=neutral, PublicKeyToken=7cec85d7bea7798e]]'.&#xD;
[21:18:18 INF] Microsoft.AspNetCore.Mvc.Infrastructure.ControllerActionInvoker Executed action MatchdayPredictions.Api.Controllers.AuthController.Login (MatchdayPredictions.Api) in 327.2949ms&#xD;
[21:18:18 INF] Microsoft.AspNetCore.Routing.EndpointMiddleware Executed endpoint 'MatchdayPredictions.Api.Controllers.AuthController.Login (MatchdayPredictions.Api)'&#xD;
[21:18:18 INF] Serilog.AspNetCore.RequestLoggingMiddleware HTTP POST /api/v1/auth/login responded 200 in 331.7922 ms&#xD;
[21:18:18 INF] Microsoft.AspNetCore.Hosting.Diagnostics Request finished HTTP/1.1 POST http://localhost/api/v1/auth/login - 200 null application/json; charset=utf-8 332.5133ms&#xD;
[21:18:18 INF] Microsoft.AspNetCore.Hosting.Diagnostics Request starting HTTP/1.1 GET http://localhost/api/v1/matches?leagueId=1 - null null&#xD;
[21:18:18 INF] Microsoft.AspNetCore.Authorization.DefaultAuthorizationService Authorization failed. These requirements were not met:&#xD;
DenyAnonymousAuthorizationRequirement: Requires an authenticated user.&#xD;
[21:18:18 INF] Microsoft.AspNetCore.Hosting.Diagnostics Request finished HTTP/1.1 GET http://localhost/api/v1/matches?leagueId=1 - 401 null null 6.9634ms&#xD;
[21:18:18 INF] Microsoft.AspNetCore.Hosting.Diagnostics Request starting HTTP/1.1 POST http://localhost/api/v1/users - application/json; charset=utf-8 127&#xD;
[21:18:18 INF] Microsoft.AspNetCore.Routing.EndpointMiddleware Executing endpoint 'MatchdayPredictions.Api.Controllers.UsersController.Create (MatchdayPredictions.Api)'&#xD;
[21:18:18 INF] Microsoft.AspNetCore.Mvc.Infrastructure.ControllerActionInvoker Route matched with {action = "Create", controller = "Users"}. Executing controller action with signature System.Threading.Tasks.Task`1[Microsoft.AspNetCore.Mvc.IActionResult] Create(MatchdayPredictions.Api.Models.Api.CreateUserRequest) on controller MatchdayPredictions.Api.Controllers.UsersController (MatchdayPredictions.Api).&#xD;
[21:18:19 INF] Microsoft.AspNetCore.Mvc.Infrastructure.ObjectResultExecutor Executing CreatedAtActionResult, writing value of type 'MatchdayPredictions.Api.Models.Api.CreateUserRequest'.&#xD;
[21:18:19 INF] Microsoft.AspNetCore.Mvc.Infrastructure.ControllerActionInvoker Executed action MatchdayPredictions.Api.Controllers.UsersController.Create (MatchdayPredictions.Api) in 167.8003ms&#xD;
[21:18:19 INF] Microsoft.AspNetCore.Routing.EndpointMiddleware Executed endpoint 'MatchdayPredictions.Api.Controllers.UsersController.Create (MatchdayPredictions.Api)'&#xD;
[21:18:19 INF] Microsoft.AspNetCore.Hosting.Diagnostics Request finished HTTP/1.1 POST http://localhost/api/v1/users - 201 null application/json; charset=utf-8 168.8642ms&#xD;
[21:18:19 INF] Microsoft.AspNetCore.Hosting.Diagnostics Request starting HTTP/1.1 POST http://localhost/api/v1/auth/login - application/json; charset=utf-8 62&#xD;
[21:18:19 INF] Microsoft.AspNetCore.Routing.EndpointMiddleware Executing endpoint 'MatchdayPredictions.Api.Controllers.AuthController.Login (MatchdayPredictions.Api)'&#xD;
[21:18:19 INF] Microsoft.AspNetCore.Mvc.Infrastructure.ControllerActionInvoker Route matched with {action = "Login", controller = "Auth"}. Executing controller action with signature System.Threading.Tasks.Task`1[Microsoft.AspNetCore.Mvc.IActionResult] Login(MatchdayPredictions.Api.Models.Api.LoginRequest) on controller MatchdayPredictions.Api.Controllers.AuthController (MatchdayPredictions.Api).&#xD;
[21:18:19 INF] Microsoft.AspNetCore.Mvc.Infrastructure.ObjectResultExecutor Executing OkObjectResult, writing value of type '&lt;&gt;f__AnonymousType0`1[[System.String, System.Private.CoreLib, Version=10.0.0.0, Culture=neutral, PublicKeyToken=7cec85d7bea7798e]]'.&#xD;
[21:18:19 INF] Microsoft.AspNetCore.Mvc.Infrastructure.ControllerActionInvoker Executed action MatchdayPredictions.Api.Controllers.AuthController.Login (MatchdayPredictions.Api) in 205.799ms&#xD;
[21:18:19 INF] Microsoft.AspNetCore.Routing.EndpointMiddleware Executed endpoint 'MatchdayPredictions.Api.Controllers.AuthController.Login (MatchdayPredictions.Api)'&#xD;
[21:18:19 INF] Microsoft.AspNetCore.Hosting.Diagnostics Request finished HTTP/1.1 POST http://localhost/api/v1/auth/login - 200 null application/json; charset=utf-8 206.7227ms&#xD;
[21:18:19 INF] Microsoft.AspNetCore.Hosting.Diagnostics Request starting HTTP/1.1 GET http://localhost/api/v1/users/me - null null&#xD;
[21:18:19 INF] Microsoft.AspNetCore.Routing.EndpointMiddleware Executing endpoint 'MatchdayPredictions.Api.Controllers.UsersController.GetSelf (MatchdayPredictions.Api)'&#xD;
[21:18:19 INF] Microsoft.AspNetCore.Mvc.Infrastructure.ControllerActionInvoker Route matched with {action = "GetSelf", controller = "Users"}. Executing controller action with signature System.Threading.Tasks.Task`1[Microsoft.AspNetCore.Mvc.IActionResult] GetSelf() on controller MatchdayPredictions.Api.Controllers.UsersController (MatchdayPredictions.Api).&#xD;
[21:18:19 INF] Microsoft.AspNetCore.Mvc.Infrastructure.ObjectResultExecutor Executing OkObjectResult, writing value of type 'MatchdayPredictions.Api.Models.Api.User'.&#xD;
[21:18:19 INF] Microsoft.AspNetCore.Mvc.Infrastructure.ControllerActionInvoker Executed action MatchdayPredictions.Api.Controllers.UsersController.GetSelf (MatchdayPredictions.Api) in 2.8338ms&#xD;
[21:18:19 INF] Microsoft.AspNetCore.Routing.EndpointMiddleware Executed endpoint 'MatchdayPredictions.Api.Controllers.UsersController.GetSelf (MatchdayPredictions.Api)'&#xD;
[21:18:19 INF] Microsoft.AspNetCore.Hosting.Diagnostics Request finished HTTP/1.1 GET http://localhost/api/v1/users/me - 200 null application/json; charset=utf-8 3.8692ms&#xD;
[21:18:19 INF] Microsoft.AspNetCore.Hosting.Diagnostics Request starting HTTP/1.1 POST http://localhost/api/v1/users - application/json; charset=utf-8 127&#xD;
[21:18:19 INF] Microsoft.AspNetCore.Routing.EndpointMiddleware Executing endpoint 'MatchdayPredictions.Api.Controllers.UsersController.Create (MatchdayPredictions.Api)'&#xD;
[21:18:19 INF] Microsoft.AspNetCore.Mvc.Infrastructure.ControllerActionInvoker Route matched with {action = "Create", controller = "Users"}. Executing controller action with signature System.Threading.Tasks.Task`1[Microsoft.AspNetCore.Mvc.IActionResult] Create(MatchdayPredictions.Api.Models.Api.CreateUserRequest) on controller MatchdayPredictions.Api.Controllers.UsersController (MatchdayPredictions.Api).&#xD;
[21:18:19 INF] Microsoft.AspNetCore.Mvc.Infrastructure.ObjectResultExecutor Executing CreatedAtActionResult, writing value of type 'MatchdayPredictions.Api.Models.Api.CreateUserRequest'.&#xD;
[21:18:19 INF] Microsoft.AspNetCore.Mvc.Infrastructure.ControllerActionInvoker Executed action MatchdayPredictions.Api.Controllers.UsersController.Create (MatchdayPredictions.Api) in 197.3951ms&#xD;
[21:18:19 INF] Microsoft.AspNetCore.Routing.EndpointMiddleware Executed endpoint 'MatchdayPredictions.Api.Controllers.UsersController.Create (MatchdayPredictions.Api)'&#xD;
[21:18:19 INF] Microsoft.AspNetCore.Hosting.Diagnostics Request finished HTTP/1.1 POST http://localhost/api/v1/users - 201 null application/json; charset=utf-8 198.3537ms&#xD;
[21:18:19 INF] Microsoft.AspNetCore.Hosting.Diagnostics Request starting HTTP/1.1 POST http://localhost/api/v1/auth/login - application/json; charset=utf-8 62&#xD;
[21:18:19 INF] Microsoft.AspNetCore.Routing.EndpointMiddleware Executing endpoint 'MatchdayPredictions.Api.Controllers.AuthController.Login (MatchdayPredictions.Api)'&#xD;
[21:18:19 INF] Microsoft.AspNetCore.Mvc.Infrastructure.ControllerActionInvoker Route matched with {action = "Login", controller = "Auth"}. Executing controller action with signature System.Threading.Tasks.Task`1[Microsoft.AspNetCore.Mvc.IActionResult] Login(MatchdayPredictions.Api.Models.Api.LoginRequest) on controller MatchdayPredictions.Api.Controllers.AuthController (MatchdayPredictions.Api).&#xD;
[21:18:19 INF] Microsoft.AspNetCore.Mvc.Infrastructure.ObjectResultExecutor Executing OkObjectResult, writing value of type '&lt;&gt;f__AnonymousType0`1[[System.String, System.Private.CoreLib, Version=10.0.0.0, Culture=neutral, PublicKeyToken=7cec85d7bea7798e]]'.&#xD;
[21:18:19 INF] Microsoft.AspNetCore.Mvc.Infrastructure.ControllerActionInvoker Executed action MatchdayPredictions.Api.Controllers.AuthController.Login (MatchdayPredictions.Api) in 183.0429ms&#xD;
[21:18:19 INF] Microsoft.AspNetCore.Routing.EndpointMiddleware Executed endpoint 'MatchdayPredictions.Api.Controllers.AuthController.Login (MatchdayPredictions.Api)'&#xD;
[21:18:19 INF] Microsoft.AspNetCore.Hosting.Diagnostics Request finished HTTP/1.1 POST http://localhost/api/v1/auth/login - 200 null application/json; charset=utf-8 183.7801ms&#xD;
[21:18:19 INF] Microsoft.AspNetCore.Hosting.Diagnostics Request starting HTTP/1.1 GET http://localhost/api/v1/users/me - null null&#xD;
[21:18:19 INF] Microsoft.AspNetCore.Routing.EndpointMiddleware Executing endpoint 'MatchdayPredictions.Api.Controllers.UsersController.GetSelf (MatchdayPredictions.Api)'&#xD;
[21:18:19 INF] Microsoft.AspNetCore.Mvc.Infrastructure.ControllerActionInvoker Route matched with {action = "GetSelf", controller = "Users"}. Executing controller action with signature System.Threading.Tasks.Task`1[Microsoft.AspNetCore.Mvc.IActionResult] GetSelf() on controller MatchdayPredictions.Api.Controllers.UsersController (MatchdayPredictions.Api).&#xD;
[21:18:19 INF] Microsoft.AspNetCore.Mvc.Infrastructure.ObjectResultExecutor Executing OkObjectResult, writing value of type 'MatchdayPredictions.Api.Models.Api.User'.&#xD;
[21:18:19 INF] Microsoft.AspNetCore.Mvc.Infrastructure.ControllerActionInvoker Executed action MatchdayPredictions.Api.Controllers.UsersController.GetSelf (MatchdayPredictions.Api) in 2.7083ms&#xD;
[21:18:19 INF] Microsoft.AspNetCore.Routing.EndpointMiddleware Executed endpoint 'MatchdayPredictions.Api.Controllers.UsersController.GetSelf (MatchdayPredictions.Api)'&#xD;
[21:18:19 INF] Microsoft.AspNetCore.Hosting.Diagnostics Request finished HTTP/1.1 GET http://localhost/api/v1/users/me - 200 null application/json; charset=utf-8 3.5849ms&#xD;
[21:18:19 INF] Microsoft.AspNetCore.Hosting.Diagnostics Request starting HTTP/1.1 POST http://localhost/api/v1/predictions - application/json; charset=utf-8 52&#xD;
[21:18:19 INF] Microsoft.AspNetCore.Routing.EndpointMiddleware Executing endpoint 'MatchdayPredictions.Api.Controllers.PredictionsController.AddPrediction (MatchdayPredictions.Api)'&#xD;
[21:18:19 INF] Microsoft.AspNetCore.Mvc.Infrastructure.ControllerActionInvoker Route matched with {action = "AddPrediction", controller = "Predictions"}. Executing controller action with signature System.Threading.Tasks.Task`1[Microsoft.AspNetCore.Mvc.IActionResult] AddPrediction(MatchdayPredictions.Api.Models.Api.CreatePredictionRequest) on controller MatchdayPredictions.Api.Controllers.PredictionsController (MatchdayPredictions.Api).&#xD;
[21:18:19 INF] Microsoft.AspNetCore.Mvc.Infrastructure.ObjectResultExecutor Executing ObjectResult, writing value of type 'MatchdayPredictions.Api.Models.Api.ErrorResponse'.&#xD;
[21:18:19 INF] Microsoft.AspNetCore.Mvc.Infrastructure.ControllerActionInvoker Executed action MatchdayPredictions.Api.Controllers.PredictionsController.AddPrediction (MatchdayPredictions.Api) in 4.9982ms&#xD;
[21:18:19 INF] Microsoft.AspNetCore.Routing.EndpointMiddleware Executed endpoint 'MatchdayPredictions.Api.Controllers.PredictionsController.AddPrediction (MatchdayPredictions.Api)'&#xD;
[21:18:19 INF] Microsoft.AspNetCore.Hosting.Diagnostics Request finished HTTP/1.1 POST http://localhost/api/v1/predictions - 403 null application/json; charset=utf-8 14.3968ms&#xD;
[21:18:19 INF] Microsoft.AspNetCore.Hosting.Diagnostics Request starting HTTP/1.1 POST http://localhost/api/v1/predictions - application/json; charset=utf-8 52&#xD;
[21:18:19 INF] Microsoft.AspNetCore.Routing.EndpointMiddleware Executing endpoint 'MatchdayPredictions.Api.Controllers.PredictionsController.AddPrediction (MatchdayPredictions.Api)'&#xD;
[21:18:19 INF] Microsoft.AspNetCore.Mvc.Infrastructure.ControllerActionInvoker Route matched with {action = "AddPrediction", controller = "Predictions"}. Executing controller action with signature System.Threading.Tasks.Task`1[Microsoft.AspNetCore.Mvc.IActionResult] AddPrediction(MatchdayPredictions.Api.Models.Api.CreatePredictionRequest) on controller MatchdayPredictions.Api.Controllers.PredictionsController (MatchdayPredictions.Api).&#xD;
[21:18:19 INF] Microsoft.AspNetCore.Mvc.Infrastructure.ObjectResultExecutor Executing CreatedAtActionResult, writing value of type 'MatchdayPredictions.Api.Models.Api.CreatePredictionRequest'.&#xD;
[21:18:19 INF] Microsoft.AspNetCore.Mvc.Infrastructure.ControllerActionInvoker Executed action MatchdayPredictions.Api.Controllers.PredictionsController.AddPrediction (MatchdayPredictions.Api) in 33.3377ms&#xD;
[21:18:19 INF] Microsoft.AspNetCore.Routing.EndpointMiddleware Executed endpoint 'MatchdayPredictions.Api.Controllers.PredictionsController.AddPrediction (MatchdayPredictions.Api)'&#xD;
[21:18:19 INF] Microsoft.AspNetCore.Hosting.Diagnostics Request finished HTTP/1.1 POST http://localhost/api/v1/predictions - 201 null application/json; charset=utf-8 34.9291ms&#xD;
[21:18:19 INF] Microsoft.AspNetCore.Hosting.Diagnostics Request starting HTTP/1.1 GET http://localhost/api/v1/predictions/1?userId=5 - null null&#xD;
[21:18:19 INF] Microsoft.AspNetCore.Routing.EndpointMiddleware Executing endpoint 'MatchdayPredictions.Api.Controllers.PredictionsController.GetPrediction (MatchdayPredictions.Api)'&#xD;
[21:18:19 INF] Microsoft.AspNetCore.Mvc.Infrastructure.ControllerActionInvoker Route matched with {action = "GetPrediction", controller = "Predictions"}. Executing controller action with signature System.Threading.Tasks.Task`1[Microsoft.AspNetCore.Mvc.IActionResult] GetPrediction(Int32, Int32) on controller MatchdayPredictions.Api.Controllers.PredictionsController (MatchdayPredictions.Api).&#xD;
[21:18:19 INF] Microsoft.AspNetCore.Mvc.Infrastructure.ObjectResultExecutor Executing OkObjectResult, writing value of type 'MatchdayPredictions.Api.Models.MatchPrediction'.&#xD;
[21:18:19 INF] Microsoft.AspNetCore.Mvc.Infrastructure.ControllerActionInvoker Executed action MatchdayPredictions.Api.Controllers.PredictionsController.GetPrediction (MatchdayPredictions.Api) in 54.0951ms&#xD;
[21:18:19 INF] Microsoft.AspNetCore.Routing.EndpointMiddleware Executed endpoint 'MatchdayPredictions.Api.Controllers.PredictionsController.GetPrediction (MatchdayPredictions.Api)'&#xD;
[21:18:19 INF] Microsoft.AspNetCore.Hosting.Diagnostics Request finished HTTP/1.1 GET http://localhost/api/v1/predictions/1?userId=5 - 200 null application/json; charset=utf-8 71.635ms&#xD;
[21:18:19 INF] Microsoft.AspNetCore.Hosting.Diagnostics Request starting HTTP/1.1 POST http://localhost/api/v1/users - application/json; charset=utf-8 127&#xD;
[21:18:19 INF] Microsoft.AspNetCore.Routing.EndpointMiddleware Executing endpoint 'MatchdayPredictions.Api.Controllers.UsersController.Create (MatchdayPredictions.Api)'&#xD;
[21:18:19 INF] Microsoft.AspNetCore.Mvc.Infrastructure.ControllerActionInvoker Route matched with {action = "Create", controller = "Users"}. Executing controller action with signature System.Threading.Tasks.Task`1[Microsoft.AspNetCore.Mvc.IActionResult] Create(MatchdayPredictions.Api.Models.Api.CreateUserRequest) on controller MatchdayPredictions.Api.Controllers.UsersController (MatchdayPredictions.Api).&#xD;
[21:18:20 INF] Microsoft.AspNetCore.Mvc.Infrastructure.ObjectResultExecutor Executing CreatedAtActionResult, writing value of type 'MatchdayPredictions.Api.Models.Api.CreateUserRequest'.&#xD;
[21:18:20 INF] Microsoft.AspNetCore.Mvc.Infrastructure.ControllerActionInvoker Executed action MatchdayPredictions.Api.Controllers.UsersController.Create (MatchdayPredictions.Api) in 190.5177ms&#xD;
[21:18:20 INF] Microsoft.AspNetCore.Routing.EndpointMiddleware Executed endpoint 'MatchdayPredictions.Api.Controllers.UsersController.Create (MatchdayPredictions.Api)'&#xD;
[21:18:20 INF] Microsoft.AspNetCore.Hosting.Diagnostics Request finished HTTP/1.1 POST http://localhost/api/v1/users - 201 null application/json; charset=utf-8 191.9404ms&#xD;
[21:18:20 INF] Microsoft.AspNetCore.Hosting.Diagnostics Request starting HTTP/1.1 POST http://localhost/api/v1/auth/login - application/json; charset=utf-8 62&#xD;
[21:18:20 INF] Microsoft.AspNetCore.Routing.EndpointMiddleware Executing endpoint 'MatchdayPredictions.Api.Controllers.AuthController.Login (MatchdayPredictions.Api)'&#xD;
[21:18:20 INF] Microsoft.AspNetCore.Mvc.Infrastructure.ControllerActionInvoker Route matched with {action = "Login", controller = "Auth"}. Executing controller action with signature System.Threading.Tasks.Task`1[Microsoft.AspNetCore.Mvc.IActionResult] Login(MatchdayPredictions.Api.Models.Api.LoginRequest) on controller MatchdayPredictions.Api.Controllers.AuthController (MatchdayPredictions.Api).&#xD;
[21:18:20 INF] Microsoft.AspNetCore.Mvc.Infrastructure.ObjectResultExecutor Executing OkObjectResult, writing value of type '&lt;&gt;f__AnonymousType0`1[[System.String, System.Private.CoreLib, Version=10.0.0.0, Culture=neutral, PublicKeyToken=7cec85d7bea7798e]]'.&#xD;
[21:18:20 INF] Microsoft.AspNetCore.Mvc.Infrastructure.ControllerActionInvoker Executed action MatchdayPredictions.Api.Controllers.AuthController.Login (MatchdayPredictions.Api) in 253.5224ms&#xD;
[21:18:20 INF] Microsoft.AspNetCore.Routing.EndpointMiddleware Executed endpoint 'MatchdayPredictions.Api.Controllers.AuthController.Login (MatchdayPredictions.Api)'&#xD;
[21:18:20 INF] Microsoft.AspNetCore.Hosting.Diagnostics Request finished HTTP/1.1 POST http://localhost/api/v1/auth/login - 200 null application/json; charset=utf-8 255.713ms&#xD;
[21:18:20 INF] Microsoft.AspNetCore.Hosting.Diagnostics Request starting HTTP/1.1 GET http://localhost/api/v1/users/me - null null&#xD;
[21:18:20 INF] Microsoft.AspNetCore.Routing.EndpointMiddleware Executing endpoint 'MatchdayPredictions.Api.Controllers.UsersController.GetSelf (MatchdayPredictions.Api)'&#xD;
[21:18:20 INF] Microsoft.AspNetCore.Mvc.Infrastructure.ControllerActionInvoker Route matched with {action = "GetSelf", controller = "Users"}. Executing controller action with signature System.Threading.Tasks.Task`1[Microsoft.AspNetCore.Mvc.IActionResult] GetSelf() on controller MatchdayPredictions.Api.Controllers.UsersController (MatchdayPredictions.Api).&#xD;
[21:18:20 INF] Microsoft.AspNetCore.Mvc.Infrastructure.ObjectResultExecutor Executing OkObjectResult, writing value of type 'MatchdayPredictions.Api.Models.Api.User'.&#xD;
[21:18:20 INF] Microsoft.AspNetCore.Mvc.Infrastructure.ControllerActionInvoker Executed action MatchdayPredictions.Api.Controllers.UsersController.GetSelf (MatchdayPredictions.Api) in 2.6993ms&#xD;
[21:18:20 INF] Microsoft.AspNetCore.Routing.EndpointMiddleware Executed endpoint 'MatchdayPredictions.Api.Controllers.UsersController.GetSelf (MatchdayPredictions.Api)'&#xD;
[21:18:20 INF] Microsoft.AspNetCore.Hosting.Diagnostics Request finished HTTP/1.1 GET http://localhost/api/v1/users/me - 200 null application/json; charset=utf-8 3.7722ms&#xD;
[21:18:20 INF] Microsoft.AspNetCore.Hosting.Diagnostics Request starting HTTP/1.1 POST http://localhost/api/v1/matches - application/json; charset=utf-8 92&#xD;
[21:18:20 INF] Microsoft.AspNetCore.Routing.EndpointMiddleware Executing endpoint 'MatchdayPredictions.Api.Controllers.MatchesController.Create (MatchdayPredictions.Api)'&#xD;
[21:18:20 INF] Microsoft.AspNetCore.Mvc.Infrastructure.ControllerActionInvoker Route matched with {action = "Create", controller = "Matches"}. Executing controller action with signature System.Threading.Tasks.Task`1[Microsoft.AspNetCore.Mvc.IActionResult] Create(MatchdayPredictions.Api.Models.Api.CreateMatchRequest) on controller MatchdayPredictions.Api.Controllers.MatchesController (MatchdayPredictions.Api).&#xD;
[21:18:20 INF] Microsoft.AspNetCore.Mvc.Infrastructure.ObjectResultExecutor Executing CreatedAtActionResult, writing value of type 'MatchdayPredictions.Api.Models.Api.CreateMatchRequest'.&#xD;
[21:18:20 INF] Microsoft.AspNetCore.Mvc.Infrastructure.ControllerActionInvoker Executed action MatchdayPredictions.Api.Controllers.MatchesController.Create (MatchdayPredictions.Api) in 30.6538ms&#xD;
[21:18:20 INF] Microsoft.AspNetCore.Routing.EndpointMiddleware Executed endpoint 'MatchdayPredictions.Api.Controllers.MatchesController.Create (MatchdayPredictions.Api)'&#xD;
[21:18:20 INF] Microsoft.AspNetCore.Hosting.Diagnostics Request finished HTTP/1.1 POST http://localhost/api/v1/matches - 201 null application/json; charset=utf-8 41.6001ms&#xD;
[21:18:20 INF] Microsoft.AspNetCore.Hosting.Diagnostics Request starting HTTP/1.1 GET http://localhost/api/v1/matches/1 - null null&#xD;
[21:18:20 INF] Microsoft.AspNetCore.Routing.EndpointMiddleware Executing endpoint 'MatchdayPredictions.Api.Controllers.MatchesController.GetById (MatchdayPredictions.Api)'&#xD;
[21:18:20 INF] Microsoft.AspNetCore.Mvc.Infrastructure.ControllerActionInvoker Route matched with {action = "GetById", controller = "Matches"}. Executing controller action with signature System.Threading.Tasks.Task`1[Microsoft.AspNetCore.Mvc.IActionResult] GetById(Int32) on controller MatchdayPredictions.Api.Controllers.MatchesController (MatchdayPredictions.Api).&#xD;
[21:18:20 INF] Microsoft.AspNetCore.Mvc.Infrastructure.ObjectResultExecutor Executing OkObjectResult, writing value of type 'MatchdayPredictions.Api.Models.Match'.&#xD;
[21:18:20 INF] Microsoft.AspNetCore.Mvc.Infrastructure.ControllerActionInvoker Executed action MatchdayPredictions.Api.Controllers.MatchesController.GetById (MatchdayPredictions.Api) in 35.5477ms&#xD;
[21:18:20 INF] Microsoft.AspNetCore.Routing.EndpointMiddleware Executed endpoint 'MatchdayPredictions.Api.Controllers.MatchesController.GetById (MatchdayPredictions.Api)'&#xD;
[21:18:20 INF] Microsoft.AspNetCore.Hosting.Diagnostics Request finished HTTP/1.1 GET http://localhost/api/v1/matches/1 - 200 null application/json; charset=utf-8 56.6306ms&#xD;
[21:18:20 INF] Microsoft.AspNetCore.Hosting.Diagnostics Request starting HTTP/1.1 GET http://localhost/api/v1/matches?leagueId=2 - null null&#xD;
[21:18:20 INF] Microsoft.AspNetCore.Routing.EndpointMiddleware Executing endpoint 'MatchdayPredictions.Api.Controllers.MatchesController.GetByLeague (MatchdayPredictions.Api)'&#xD;
[21:18:20 INF] Microsoft.AspNetCore.Mvc.Infrastructure.ControllerActionInvoker Route matched with {action = "GetByLeague", controller = "Matches"}. Executing controller action with signature System.Threading.Tasks.Task`1[Microsoft.AspNetCore.Mvc.IActionResult] GetByLeague(Int32) on controller MatchdayPredictions.Api.Controllers.MatchesController (MatchdayPredictions.Api).&#xD;
[21:18:20 INF] Microsoft.AspNetCore.Mvc.Infrastructure.ObjectResultExecutor Executing OkObjectResult, writing value of type 'System.Collections.Generic.List`1[[MatchdayPredictions.Api.Models.Match, MatchdayPredictions.Api, Version=1.0.1.0, Culture=neutral, PublicKeyToken=null]]'.&#xD;
[21:18:20 INF] Microsoft.AspNetCore.Mvc.Infrastructure.ControllerActionInvoker Executed action MatchdayPredictions.Api.Controllers.MatchesController.GetByLeague (MatchdayPredictions.Api) in 25.5941ms&#xD;
[21:18:20 INF] Microsoft.AspNetCore.Routing.EndpointMiddleware Executed endpoint 'MatchdayPredictions.Api.Controllers.MatchesController.GetByLeague (MatchdayPredictions.Api)'&#xD;
[21:18:20 INF] Microsoft.AspNetCore.Hosting.Diagnostics Request finished HTTP/1.1 GET http://localhost/api/v1/matches?leagueId=2 - 200 null application/json; charset=utf-8 46.2456ms&#xD;
[21:18:20 INF] Microsoft.AspNetCore.Hosting.Diagnostics Request starting HTTP/1.1 POST http://localhost/api/v1/users - application/json; charset=utf-8 127&#xD;
[21:18:20 INF] Microsoft.AspNetCore.Routing.EndpointMiddleware Executing endpoint 'MatchdayPredictions.Api.Controllers.UsersController.Create (MatchdayPredictions.Api)'&#xD;
[21:18:20 INF] Microsoft.AspNetCore.Mvc.Infrastructure.ControllerActionInvoker Route matched with {action = "Create", controller = "Users"}. Executing controller action with signature System.Threading.Tasks.Task`1[Microsoft.AspNetCore.Mvc.IActionResult] Create(MatchdayPredictions.Api.Models.Api.CreateUserRequest) on controller MatchdayPredictions.Api.Controllers.UsersController (MatchdayPredictions.Api).&#xD;
[21:18:20 INF] Microsoft.AspNetCore.Mvc.Infrastructure.ObjectResultExecutor Executing CreatedAtActionResult, writing value of type 'MatchdayPredictions.Api.Models.Api.CreateUserRequest'.&#xD;
[21:18:20 INF] Microsoft.AspNetCore.Mvc.Infrastructure.ControllerActionInvoker Executed action MatchdayPredictions.Api.Controllers.UsersController.Create (MatchdayPredictions.Api) in 337.7614ms&#xD;
[21:18:20 INF] Microsoft.AspNetCore.Routing.EndpointMiddleware Executed endpoint 'MatchdayPredictions.Api.Controllers.UsersController.Create (MatchdayPredictions.Api)'&#xD;
[21:18:20 INF] Microsoft.AspNetCore.Hosting.Diagnostics Request finished HTTP/1.1 POST http://localhost/api/v1/users - 201 null application/json; charset=utf-8 338.8606ms&#xD;
[21:18:20 INF] Microsoft.AspNetCore.Hosting.Diagnostics Request starting HTTP/1.1 POST http://localhost/api/v1/auth/login - application/json; charset=utf-8 62&#xD;
[21:18:20 INF] Microsoft.AspNetCore.Routing.EndpointMiddleware Executing endpoint 'MatchdayPredictions.Api.Controllers.AuthController.Login (MatchdayPredictions.Api)'&#xD;
[21:18:20 INF] Microsoft.AspNetCore.Mvc.Infrastructure.ControllerActionInvoker Route matched with {action = "Login", controller = "Auth"}. Executing controller action with signature System.Threading.Tasks.Task`1[Microsoft.AspNetCore.Mvc.IActionResult] Login(MatchdayPredictions.Api.Models.Api.LoginRequest) on controller MatchdayPredictions.Api.Controllers.AuthController (MatchdayPredictions.Api).&#xD;
[21:18:21 INF] Microsoft.AspNetCore.Mvc.Infrastructure.ObjectResultExecutor Executing OkObjectResult, writing value of type '&lt;&gt;f__AnonymousType0`1[[System.String, System.Private.CoreLib, Version=10.0.0.0, Culture=neutral, PublicKeyToken=7cec85d7bea7798e]]'.&#xD;
[21:18:21 INF] Microsoft.AspNetCore.Mvc.Infrastructure.ControllerActionInvoker Executed action MatchdayPredictions.Api.Controllers.AuthController.Login (MatchdayPredictions.Api) in 246.085ms&#xD;
[21:18:21 INF] Microsoft.AspNetCore.Routing.EndpointMiddleware Executed endpoint 'MatchdayPredictions.Api.Controllers.AuthController.Login (MatchdayPredictions.Api)'&#xD;
[21:18:21 INF] Microsoft.AspNetCore.Hosting.Diagnostics Request finished HTTP/1.1 POST http://localhost/api/v1/auth/login - 200 null application/json; charset=utf-8 248.4456ms&#xD;
[21:18:21 INF] Microsoft.AspNetCore.Hosting.Diagnostics Request starting HTTP/1.1 GET http://localhost/api/v1/users/me - null null&#xD;
[21:18:21 INF] Microsoft.AspNetCore.Routing.EndpointMiddleware Executing endpoint 'MatchdayPredictions.Api.Controllers.UsersController.GetSelf (MatchdayPredictions.Api)'&#xD;
[21:18:21 INF] Microsoft.AspNetCore.Mvc.Infrastructure.ControllerActionInvoker Route matched with {action = "GetSelf", controller = "Users"}. Executing controller action with signature System.Threading.Tasks.Task`1[Microsoft.AspNetCore.Mvc.IActionResult] GetSelf() on controller MatchdayPredictions.Api.Controllers.UsersController (MatchdayPredictions.Api).&#xD;
[21:18:21 INF] Microsoft.AspNetCore.Mvc.Infrastructure.ObjectResultExecutor Executing OkObjectResult, writing value of type 'MatchdayPredictions.Api.Models.Api.User'.&#xD;
[21:18:21 INF] Microsoft.AspNetCore.Mvc.Infrastructure.ControllerActionInvoker Executed action MatchdayPredictions.Api.Controllers.UsersController.GetSelf (MatchdayPredictions.Api) in 5.449ms&#xD;
[21:18:21 INF] Microsoft.AspNetCore.Routing.EndpointMiddleware Executed endpoint 'MatchdayPredictions.Api.Controllers.UsersController.GetSelf (MatchdayPredictions.Api)'&#xD;
[21:18:21 INF] Microsoft.AspNetCore.Hosting.Diagnostics Request finished HTTP/1.1 GET http://localhost/api/v1/users/me - 200 null application/json; charset=utf-8 8.3497ms&#xD;
[21:18:21 INF] Microsoft.AspNetCore.Hosting.Diagnostics Request starting HTTP/1.1 POST http://localhost/api/v1/matches - application/json; charset=utf-8 77&#xD;
[21:18:21 INF] Microsoft.AspNetCore.Routing.EndpointMiddleware Executing endpoint 'MatchdayPredictions.Api.Controllers.MatchesController.Create (MatchdayPredictions.Api)'&#xD;
[21:18:21 INF] Microsoft.AspNetCore.Mvc.Infrastructure.ControllerActionInvoker Route matched with {action = "Create", controller = "Matches"}. Executing controller action with signature System.Threading.Tasks.Task`1[Microsoft.AspNetCore.Mvc.IActionResult] Create(MatchdayPredictions.Api.Models.Api.CreateMatchRequest) on controller MatchdayPredictions.Api.Controllers.MatchesController (MatchdayPredictions.Api).&#xD;
[21:18:21 INF] Microsoft.AspNetCore.Mvc.Infrastructure.ObjectResultExecutor Executing BadRequestObjectResult, writing value of type 'MatchdayPredictions.Api.Models.Api.ErrorResponse'.&#xD;
[21:18:21 INF] Microsoft.AspNetCore.Mvc.Infrastructure.ControllerActionInvoker Executed action MatchdayPredictions.Api.Controllers.MatchesController.Create (MatchdayPredictions.Api) in 13.6896ms&#xD;
[21:18:21 INF] Microsoft.AspNetCore.Routing.EndpointMiddleware Executed endpoint 'MatchdayPredictions.Api.Controllers.MatchesController.Create (MatchdayPredictions.Api)'&#xD;
[21:18:21 INF] Microsoft.AspNetCore.Hosting.Diagnostics Request finished HTTP/1.1 POST http://localhost/api/v1/matches - 400 null application/json; charset=utf-8 15.4372ms&#xD;
[testcontainers.org 00:00:27.69] Delete Docker container 997cdec87e4f&#xD;
[xUnit.net 00:00:29.79]   Finished:    MatchdayPredictions.Api.IntegrationTests&#xD;
</StdOut>
    </Output>
  </ResultSummary>
</TestRun>