<?xml version="1.0" encoding="utf-8"?>
<TestRun id="dce7d740-70d7-4fd6-beed-4f04cbc9b6cf" name="princ@PCSB2 2025-11-24 21:12:05" runUser="PCSB2\princ" xmlns="http://microsoft.com/schemas/VisualStudio/TeamTest/2010">
  <Times creation="2025-11-24T21:12:05.0637668+01:00" queuing="2025-11-24T21:12:05.0637673+01:00" start="2025-11-24T21:12:02.7941141+01:00" finish="2025-11-24T21:12:05.7782637+01:00" />
  <TestSettings name="default" id="c92678db-469c-48d6-a972-5bc25b25ceab">
    <Deployment runDeploymentRoot="princ_PCSB2_2025-11-24_21_12_05" />
  </TestSettings>
  <Results>
    <UnitTestResult executionId="e46d7f48-f7f6-4f1c-9b5c-51bbc5d8c171" testId="64131082-c8d4-bf0a-687f-b83127ab982c" testName="GetPrediction_ForDifferentUser_ReturnsForbid" computerName="PCSB2" duration="00:00:00.0015142" startTime="2025-11-24T21:12:05.6823727+01:00" endTime="2025-11-24T21:12:05.6840256+01:00" testType="13cdc9d9-ddb5-4fa4-a97d-d965ccfc6d4b" outcome="Passed" testListId="8c84fa94-04c1-424b-9868-57a2d4851a1d" relativeResultsDirectory="e46d7f48-f7f6-4f1c-9b5c-51bbc5d8c171" />
    <UnitTestResult executionId="bfbade42-5f5e-4683-9047-646cff34591a" testId="db76548c-255a-11dd-80af-0c8b796c4b47" testName="GetPrediction_WhenPredictionExists_ReturnsPrediction" computerName="PCSB2" duration="00:00:00.0016640" startTime="2025-11-24T21:12:05.6850774+01:00" endTime="2025-11-24T21:12:05.6868614+01:00" testType="13cdc9d9-ddb5-4fa4-a97d-d965ccfc6d4b" outcome="Passed" testListId="8c84fa94-04c1-424b-9868-57a2d4851a1d" relativeResultsDirectory="bfbade42-5f5e-4683-9047-646cff34591a" />
    <UnitTestResult executionId="456b41ab-3d2d-41bd-bdde-46b2d74457ac" testId="f250ae68-b7a8-128c-51ec-ba63a1c17a98" testName="AddPrediction_ForDifferentUser_ReturnsForbid" computerName="PCSB2" duration="00:00:00.0115694" startTime="2025-11-24T21:12:05.6678496+01:00" endTime="2025-11-24T21:12:05.6796796+01:00" testType="13cdc9d9-ddb5-4fa4-a97d-d965ccfc6d4b" outcome="Passed" testListId="8c84fa94-04c1-424b-9868-57a2d4851a1d" relativeResultsDirectory="456b41ab-3d2d-41bd-bdde-46b2d74457ac" />
    <UnitTestResult executionId="e192ba71-53bc-4b66-9d5a-006057af5079" testId="c9ac06cd-925b-376f-f09d-bbfea2b33bb4" testName="CreatePredictionRequest_WithNegativeMatchId_IsInvalid" computerName="PCSB2" duration="00:00:00.0087580" startTime="2025-11-24T21:12:04.0419815+01:00" endTime="2025-11-24T21:12:04.0508832+01:00" testType="13cdc9d9-ddb5-4fa4-a97d-d965ccfc6d4b" outcome="Passed" testListId="8c84fa94-04c1-424b-9868-57a2d4851a1d" relativeResultsDirectory="e192ba71-53bc-4b66-9d5a-006057af5079" />
    <UnitTestResult executionId="b02b8a72-3285-491c-9274-299e535be21e" testId="7753707b-5f25-0689-b500-f91309425bab" testName="GetByLeague_WhenRepositoryReturnsMatches_ReturnsOkWithMatches" computerName="PCSB2" duration="00:00:00.0031542" startTime="2025-11-24T21:12:05.6643732+01:00" endTime="2025-11-24T21:12:05.6677693+01:00" testType="13cdc9d9-ddb5-4fa4-a97d-d965ccfc6d4b" outcome="Passed" testListId="8c84fa94-04c1-424b-9868-57a2d4851a1d" relativeResultsDirectory="b02b8a72-3285-491c-9274-299e535be21e" />
    <UnitTestResult executionId="45cd0a05-1f55-494e-9e22-ba7a642b5f05" testId="720cbaf7-f35e-13d2-c36d-eda1beb8511b" testName="GetById_WhenMatchExists_ReturnsOkWithMatch" computerName="PCSB2" duration="00:00:00.0010185" startTime="2025-11-24T21:12:05.6602822+01:00" endTime="2025-11-24T21:12:05.6614156+01:00" testType="13cdc9d9-ddb5-4fa4-a97d-d965ccfc6d4b" outcome="Passed" testListId="8c84fa94-04c1-424b-9868-57a2d4851a1d" relativeResultsDirectory="45cd0a05-1f55-494e-9e22-ba7a642b5f05" />
    <UnitTestResult executionId="6731a32f-cb50-4f7b-9866-db407a67f79b" testId="2711c7cf-0878-8aa1-8212-0f027f8f17a1" testName="GetById_WhenMatchDoesNotExist_ReturnsNotFoundAndIncrementsClientError" computerName="PCSB2" duration="00:00:00.0023667" startTime="2025-11-24T21:12:05.6552329+01:00" endTime="2025-11-24T21:12:05.6578557+01:00" testType="13cdc9d9-ddb5-4fa4-a97d-d965ccfc6d4b" outcome="Passed" testListId="8c84fa94-04c1-424b-9868-57a2d4851a1d" relativeResultsDirectory="6731a32f-cb50-4f7b-9866-db407a67f79b" />
    <UnitTestResult executionId="6b8e0f38-765e-4c6d-a729-7433e03c298f" testId="bfd2f272-8a6c-126c-1c47-7998a1c425b6" testName="Login_WithInvalidCredentials_ReturnsUnauthorized" computerName="PCSB2" duration="00:00:00.0127824" startTime="2025-11-24T21:12:04.9846505+01:00" endTime="2025-11-24T21:12:04.9977708+01:00" testType="13cdc9d9-ddb5-4fa4-a97d-d965ccfc6d4b" outcome="Passed" testListId="8c84fa94-04c1-424b-9868-57a2d4851a1d" relativeResultsDirectory="6b8e0f38-765e-4c6d-a729-7433e03c298f" />
    <UnitTestResult executionId="466aad0c-38b4-4942-a8fe-48fb4c6fbc3e" testId="3405ef31-2719-b7a8-d43a-3d62cc1c81bc" testName="GetById_WhenRepositoryThrows_ReturnsServerErrorAndIncrementsServerErrorMetric" computerName="PCSB2" duration="00:00:00.0021444" startTime="2025-11-24T21:12:05.6528507+01:00" endTime="2025-11-24T21:12:05.6551427+01:00" testType="13cdc9d9-ddb5-4fa4-a97d-d965ccfc6d4b" outcome="Passed" testListId="8c84fa94-04c1-424b-9868-57a2d4851a1d" relativeResultsDirectory="466aad0c-38b4-4942-a8fe-48fb4c6fbc3e" />
    <UnitTestResult executionId="4a7b744e-a2ad-4fcf-8c90-a069a942924c" testId="2e139c36-2a91-6155-0567-94123af5a3eb" testName="GetById_WhenLeagueDoesNotExist_ReturnsNotFoundAndIncrementsClientError" computerName="PCSB2" duration="00:00:00.0023124" startTime="2025-11-24T21:12:05.6503468+01:00" endTime="2025-11-24T21:12:05.6527910+01:00" testType="13cdc9d9-ddb5-4fa4-a97d-d965ccfc6d4b" outcome="Passed" testListId="8c84fa94-04c1-424b-9868-57a2d4851a1d" relativeResultsDirectory="4a7b744e-a2ad-4fcf-8c90-a069a942924c" />
    <UnitTestResult executionId="2d18aa4d-4dcb-4dc9-a358-b622e5300b8f" testId="fe6e8b41-239a-82e1-371c-f43631434fa3" testName="CreateUserRequest_WithTooShortUsername_IsInvalid" computerName="PCSB2" duration="00:00:00.0155971" startTime="2025-11-24T21:12:03.9889664+01:00" endTime="2025-11-24T21:12:04.0330978+01:00" testType="13cdc9d9-ddb5-4fa4-a97d-d965ccfc6d4b" outcome="Passed" testListId="8c84fa94-04c1-424b-9868-57a2d4851a1d" relativeResultsDirectory="2d18aa4d-4dcb-4dc9-a358-b622e5300b8f" />
    <UnitTestResult executionId="7bd525c9-8d70-44ad-895d-7f0188358d2a" testId="0248e9aa-cd60-bc38-9962-8d3a229fd4eb" testName="GetByIdAsync_CachesPerLeagueId" computerName="PCSB2" duration="00:00:00.0034164" startTime="2025-11-24T21:12:04.0687790+01:00" endTime="2025-11-24T21:12:04.0723676+01:00" testType="13cdc9d9-ddb5-4fa4-a97d-d965ccfc6d4b" outcome="Passed" testListId="8c84fa94-04c1-424b-9868-57a2d4851a1d" relativeResultsDirectory="7bd525c9-8d70-44ad-895d-7f0188358d2a" />
    <UnitTestResult executionId="7acd4381-7a55-414e-a482-94c18ad89685" testId="3bdc261c-1afd-8cec-cfd9-9569cf597eda" testName="GetById_WhenLeagueExists_ReturnsOkAndIncrementsSuccessMetric" computerName="PCSB2" duration="00:00:00.0017134" startTime="2025-11-24T21:12:05.6483352+01:00" endTime="2025-11-24T21:12:05.6502862+01:00" testType="13cdc9d9-ddb5-4fa4-a97d-d965ccfc6d4b" outcome="Passed" testListId="8c84fa94-04c1-424b-9868-57a2d4851a1d" relativeResultsDirectory="7acd4381-7a55-414e-a482-94c18ad89685" />
    <UnitTestResult executionId="a38acc0e-f7cb-4b09-a3eb-945c365c676c" testId="14a5c7bb-e607-75d6-1bab-72e743340ba3" testName="CreateUserAsync_WithWhitespaceDisplayName_FallsBackToUsername" computerName="PCSB2" duration="00:00:00.2756926" startTime="2025-11-24T21:12:04.6719869+01:00" endTime="2025-11-24T21:12:04.9479853+01:00" testType="13cdc9d9-ddb5-4fa4-a97d-d965ccfc6d4b" outcome="Passed" testListId="8c84fa94-04c1-424b-9868-57a2d4851a1d" relativeResultsDirectory="a38acc0e-f7cb-4b09-a3eb-945c365c676c" />
    <UnitTestResult executionId="9906ef42-0b66-480e-a4e0-9f88ad391b61" testId="79a6d152-0a31-e881-f911-35ffa8c77251" testName="GetAllAsync_UsesCacheOnSubsequentCalls" computerName="PCSB2" duration="00:00:00.0158835" startTime="2025-11-24T21:12:04.0525403+01:00" endTime="2025-11-24T21:12:04.0686891+01:00" testType="13cdc9d9-ddb5-4fa4-a97d-d965ccfc6d4b" outcome="Passed" testListId="8c84fa94-04c1-424b-9868-57a2d4851a1d" relativeResultsDirectory="9906ef42-0b66-480e-a4e0-9f88ad391b61" />
    <UnitTestResult executionId="079be711-67f2-498d-82d4-c052c3c2c242" testId="75b9f11f-0643-ea5b-4687-d901ab2ebd0c" testName="Create_WhenRepositoryThrows_ReturnsServerErrorAndIncrementsServerErrorMetric" computerName="PCSB2" duration="00:00:00.0021428" startTime="2025-11-24T21:12:05.6579411+01:00" endTime="2025-11-24T21:12:05.6602281+01:00" testType="13cdc9d9-ddb5-4fa4-a97d-d965ccfc6d4b" outcome="Passed" testListId="8c84fa94-04c1-424b-9868-57a2d4851a1d" relativeResultsDirectory="079be711-67f2-498d-82d4-c052c3c2c242" />
    <UnitTestResult executionId="20f9cc65-8d4e-4dca-9192-6a79caf177b7" testId="73e4b876-bd5b-c66d-410f-afa1b750824d" testName="CreatePredictionRequest_WithTooManyGoals_IsInvalid" computerName="PCSB2" duration="00:00:00.0011071" startTime="2025-11-24T21:12:04.0510088+01:00" endTime="2025-11-24T21:12:04.0524815+01:00" testType="13cdc9d9-ddb5-4fa4-a97d-d965ccfc6d4b" outcome="Passed" testListId="8c84fa94-04c1-424b-9868-57a2d4851a1d" relativeResultsDirectory="20f9cc65-8d4e-4dca-9192-6a79caf177b7" />
    <UnitTestResult executionId="9d7dc02d-31f7-4c61-b511-20681e6c98c3" testId="2149a90d-45f1-5a99-315d-861c85492f8c" testName="Create_WhenRepositorySucceeds_ReturnsCreatedAndCallsRepository" computerName="PCSB2" duration="00:00:00.0015115" startTime="2025-11-24T21:12:05.6896383+01:00" endTime="2025-11-24T21:12:05.6921251+01:00" testType="13cdc9d9-ddb5-4fa4-a97d-d965ccfc6d4b" outcome="Passed" testListId="8c84fa94-04c1-424b-9868-57a2d4851a1d" relativeResultsDirectory="9d7dc02d-31f7-4c61-b511-20681e6c98c3" />
    <UnitTestResult executionId="2fcd0629-2ad8-4608-833c-c4f5862dfc12" testId="8d04cce8-929e-340a-d0ca-5620c566ded0" testName="AddPrediction_ForCurrentUser_CallsRepositoryAndReturnsCreated" computerName="PCSB2" duration="00:00:00.0023643" startTime="2025-11-24T21:12:05.6797602+01:00" endTime="2025-11-24T21:12:05.6822901+01:00" testType="13cdc9d9-ddb5-4fa4-a97d-d965ccfc6d4b" outcome="Passed" testListId="8c84fa94-04c1-424b-9868-57a2d4851a1d" relativeResultsDirectory="2fcd0629-2ad8-4608-833c-c4f5862dfc12" />
    <UnitTestResult executionId="03de2d40-6cef-4563-945a-a5969d539e3e" testId="a948b9c0-30d9-c888-9cc4-375205188ec9" testName="CreateUserAsync_WithDisplayName_UsesProvidedDisplayNameAndHashesPassword" computerName="PCSB2" duration="00:00:00.5991525" startTime="2025-11-24T21:12:04.0724485+01:00" endTime="2025-11-24T21:12:04.6718737+01:00" testType="13cdc9d9-ddb5-4fa4-a97d-d965ccfc6d4b" outcome="Passed" testListId="8c84fa94-04c1-424b-9868-57a2d4851a1d" relativeResultsDirectory="03de2d40-6cef-4563-945a-a5969d539e3e" />
    <UnitTestResult executionId="ebbda353-734d-4739-b445-1e7647eadcb7" testId="3429161e-0627-deb6-4163-9f2789d7e782" testName="GetSelf_WhenUserExists_ReturnsUser" computerName="PCSB2" duration="00:00:00.0016309" startTime="2025-11-24T21:12:05.6869303+01:00" endTime="2025-11-24T21:12:05.6887556+01:00" testType="13cdc9d9-ddb5-4fa4-a97d-d965ccfc6d4b" outcome="Passed" testListId="8c84fa94-04c1-424b-9868-57a2d4851a1d" relativeResultsDirectory="ebbda353-734d-4739-b445-1e7647eadcb7" />
    <UnitTestResult executionId="8af3b1f3-44e3-4646-8c2c-2e6bf987c0ca" testId="712c19c1-15e5-868c-f644-8681b9b21f5b" testName="GetPrediction_WhenPredictionDoesNotExist_ReturnsNotFound" computerName="PCSB2" duration="00:00:00.0008231" startTime="2025-11-24T21:12:05.6840730+01:00" endTime="2025-11-24T21:12:05.6850181+01:00" testType="13cdc9d9-ddb5-4fa4-a97d-d965ccfc6d4b" outcome="Passed" testListId="8c84fa94-04c1-424b-9868-57a2d4851a1d" relativeResultsDirectory="8af3b1f3-44e3-4646-8c2c-2e6bf987c0ca" />
    <UnitTestResult executionId="758b677e-8a3f-4eee-b694-40eacd842d98" testId="4c2017e9-e193-54c9-889f-ea0615e597d7" testName="Login_WithValidCredentials_ReturnsToken" computerName="PCSB2" duration="00:00:00.6500718" startTime="2025-11-24T21:12:04.9978815+01:00" endTime="2025-11-24T21:12:05.6481828+01:00" testType="13cdc9d9-ddb5-4fa4-a97d-d965ccfc6d4b" outcome="Passed" testListId="8c84fa94-04c1-424b-9868-57a2d4851a1d" relativeResultsDirectory="758b677e-8a3f-4eee-b694-40eacd842d98" />
    <UnitTestResult executionId="cad90e70-3277-470f-8f46-6cec853ddfe5" testId="9213d9f3-d29e-b113-e8c4-bcce92d6ab96" testName="GetSelf_WhenUserDoesNotExist_ReturnsNotFound" computerName="PCSB2" duration="00:00:00.0006992" startTime="2025-11-24T21:12:05.6888027+01:00" endTime="2025-11-24T21:12:05.6895949+01:00" testType="13cdc9d9-ddb5-4fa4-a97d-d965ccfc6d4b" outcome="Passed" testListId="8c84fa94-04c1-424b-9868-57a2d4851a1d" relativeResultsDirectory="cad90e70-3277-470f-8f46-6cec853ddfe5" />
    <UnitTestResult executionId="12857f57-ed8c-4ef5-86e9-6e05ff743434" testId="8f1f7246-61ca-eed8-f4af-412566bc1fb4" testName="CreateUserRequest_WithInvalidEmail_IsInvalid" computerName="PCSB2" duration="00:00:00.0009430" startTime="2025-11-24T21:12:04.0408281+01:00" endTime="2025-11-24T21:12:04.0419237+01:00" testType="13cdc9d9-ddb5-4fa4-a97d-d965ccfc6d4b" outcome="Passed" testListId="8c84fa94-04c1-424b-9868-57a2d4851a1d" relativeResultsDirectory="12857f57-ed8c-4ef5-86e9-6e05ff743434" />
    <UnitTestResult executionId="865dd250-2e41-4831-88c9-760498b1ccb6" testId="89c387e8-a15c-6cb6-241b-c5ea2a0f68f5" testName="LoginRequest_WithMissingPassword_IsInvalid" computerName="PCSB2" duration="00:00:00.0012868" startTime="2025-11-24T21:12:04.0387959+01:00" endTime="2025-11-24T21:12:04.0403831+01:00" testType="13cdc9d9-ddb5-4fa4-a97d-d965ccfc6d4b" outcome="Passed" testListId="8c84fa94-04c1-424b-9868-57a2d4851a1d" relativeResultsDirectory="865dd250-2e41-4831-88c9-760498b1ccb6" />
  </Results>
  <TestDefinitions>
    <UnitTest name="GetSelf_WhenUserExists_ReturnsUser" storage="c:\users\princ\documents\github\matchday-predictions-api\matchdaypredictions.api.tests\bin\release\net10.0\matchdaypredictions.api.tests.dll" id="3429161e-0627-deb6-4163-9f2789d7e782">
      <Execution id="ebbda353-734d-4739-b445-1e7647eadcb7" />
      <TestMethod codeBase="C:\Users\princ\Documents\GitHub\matchday-predictions-api\MatchdayPredictions.Api.Tests\bin\Release\net10.0\MatchdayPredictions.Api.Tests.dll" adapterTypeName="executor://mstestadapter/v2" className="MatchdayPredictions.Api.Tests.Controllers.UsersControllerTests" name="GetSelf_WhenUserExists_ReturnsUser" />
    </UnitTest>
    <UnitTest name="GetById_WhenLeagueDoesNotExist_ReturnsNotFoundAndIncrementsClientError" storage="c:\users\princ\documents\github\matchday-predictions-api\matchdaypredictions.api.tests\bin\release\net10.0\matchdaypredictions.api.tests.dll" id="2e139c36-2a91-6155-0567-94123af5a3eb">
      <Execution id="4a7b744e-a2ad-4fcf-8c90-a069a942924c" />
      <TestMethod codeBase="C:\Users\princ\Documents\GitHub\matchday-predictions-api\MatchdayPredictions.Api.Tests\bin\Release\net10.0\MatchdayPredictions.Api.Tests.dll" adapterTypeName="executor://mstestadapter/v2" className="MatchdayPredictions.Api.Tests.Controllers.LeaguesControllerTests" name="GetById_WhenLeagueDoesNotExist_ReturnsNotFoundAndIncrementsClientError" />
    </UnitTest>
    <UnitTest name="Create_WhenRepositoryThrows_ReturnsServerErrorAndIncrementsServerErrorMetric" storage="c:\users\princ\documents\github\matchday-predictions-api\matchdaypredictions.api.tests\bin\release\net10.0\matchdaypredictions.api.tests.dll" id="75b9f11f-0643-ea5b-4687-d901ab2ebd0c">
      <Execution id="079be711-67f2-498d-82d4-c052c3c2c242" />
      <TestMethod codeBase="C:\Users\princ\Documents\GitHub\matchday-predictions-api\MatchdayPredictions.Api.Tests\bin\Release\net10.0\MatchdayPredictions.Api.Tests.dll" adapterTypeName="executor://mstestadapter/v2" className="MatchdayPredictions.Api.Tests.Controllers.MatchesControllerTests" name="Create_WhenRepositoryThrows_ReturnsServerErrorAndIncrementsServerErrorMetric" />
    </UnitTest>
    <UnitTest name="CreateUserRequest_WithTooShortUsername_IsInvalid" storage="c:\users\princ\documents\github\matchday-predictions-api\matchdaypredictions.api.tests\bin\release\net10.0\matchdaypredictions.api.tests.dll" id="fe6e8b41-239a-82e1-371c-f43631434fa3">
      <Execution id="2d18aa4d-4dcb-4dc9-a358-b622e5300b8f" />
      <TestMethod codeBase="C:\Users\princ\Documents\GitHub\matchday-predictions-api\MatchdayPredictions.Api.Tests\bin\Release\net10.0\MatchdayPredictions.Api.Tests.dll" adapterTypeName="executor://mstestadapter/v2" className="MatchdayPredictions.Api.Tests.Models.ModelValidationTests" name="CreateUserRequest_WithTooShortUsername_IsInvalid" />
    </UnitTest>
    <UnitTest name="CreateUserRequest_WithInvalidEmail_IsInvalid" storage="c:\users\princ\documents\github\matchday-predictions-api\matchdaypredictions.api.tests\bin\release\net10.0\matchdaypredictions.api.tests.dll" id="8f1f7246-61ca-eed8-f4af-412566bc1fb4">
      <Execution id="12857f57-ed8c-4ef5-86e9-6e05ff743434" />
      <TestMethod codeBase="C:\Users\princ\Documents\GitHub\matchday-predictions-api\MatchdayPredictions.Api.Tests\bin\Release\net10.0\MatchdayPredictions.Api.Tests.dll" adapterTypeName="executor://mstestadapter/v2" className="MatchdayPredictions.Api.Tests.Models.ModelValidationTests" name="CreateUserRequest_WithInvalidEmail_IsInvalid" />
    </UnitTest>
    <UnitTest name="GetByIdAsync_CachesPerLeagueId" storage="c:\users\princ\documents\github\matchday-predictions-api\matchdaypredictions.api.tests\bin\release\net10.0\matchdaypredictions.api.tests.dll" id="0248e9aa-cd60-bc38-9962-8d3a229fd4eb">
      <Execution id="7bd525c9-8d70-44ad-895d-7f0188358d2a" />
      <TestMethod codeBase="C:\Users\princ\Documents\GitHub\matchday-predictions-api\MatchdayPredictions.Api.Tests\bin\Release\net10.0\MatchdayPredictions.Api.Tests.dll" adapterTypeName="executor://mstestadapter/v2" className="MatchdayPredictions.Api.Tests.Repositories.CachedLeagueRepositoryTests" name="GetByIdAsync_CachesPerLeagueId" />
    </UnitTest>
    <UnitTest name="GetById_WhenMatchExists_ReturnsOkWithMatch" storage="c:\users\princ\documents\github\matchday-predictions-api\matchdaypredictions.api.tests\bin\release\net10.0\matchdaypredictions.api.tests.dll" id="720cbaf7-f35e-13d2-c36d-eda1beb8511b">
      <Execution id="45cd0a05-1f55-494e-9e22-ba7a642b5f05" />
      <TestMethod codeBase="C:\Users\princ\Documents\GitHub\matchday-predictions-api\MatchdayPredictions.Api.Tests\bin\Release\net10.0\MatchdayPredictions.Api.Tests.dll" adapterTypeName="executor://mstestadapter/v2" className="MatchdayPredictions.Api.Tests.Controllers.MatchesControllerTests" name="GetById_WhenMatchExists_ReturnsOkWithMatch" />
    </UnitTest>
    <UnitTest name="GetPrediction_ForDifferentUser_ReturnsForbid" storage="c:\users\princ\documents\github\matchday-predictions-api\matchdaypredictions.api.tests\bin\release\net10.0\matchdaypredictions.api.tests.dll" id="64131082-c8d4-bf0a-687f-b83127ab982c">
      <Execution id="e46d7f48-f7f6-4f1c-9b5c-51bbc5d8c171" />
      <TestMethod codeBase="C:\Users\princ\Documents\GitHub\matchday-predictions-api\MatchdayPredictions.Api.Tests\bin\Release\net10.0\MatchdayPredictions.Api.Tests.dll" adapterTypeName="executor://mstestadapter/v2" className="MatchdayPredictions.Api.Tests.Controllers.PredictionsControllerTests" name="GetPrediction_ForDifferentUser_ReturnsForbid" />
    </UnitTest>
    <UnitTest name="GetById_WhenLeagueExists_ReturnsOkAndIncrementsSuccessMetric" storage="c:\users\princ\documents\github\matchday-predictions-api\matchdaypredictions.api.tests\bin\release\net10.0\matchdaypredictions.api.tests.dll" id="3bdc261c-1afd-8cec-cfd9-9569cf597eda">
      <Execution id="7acd4381-7a55-414e-a482-94c18ad89685" />
      <TestMethod codeBase="C:\Users\princ\Documents\GitHub\matchday-predictions-api\MatchdayPredictions.Api.Tests\bin\Release\net10.0\MatchdayPredictions.Api.Tests.dll" adapterTypeName="executor://mstestadapter/v2" className="MatchdayPredictions.Api.Tests.Controllers.LeaguesControllerTests" name="GetById_WhenLeagueExists_ReturnsOkAndIncrementsSuccessMetric" />
    </UnitTest>
    <UnitTest name="Create_WhenRepositorySucceeds_ReturnsCreatedAndCallsRepository" storage="c:\users\princ\documents\github\matchday-predictions-api\matchdaypredictions.api.tests\bin\release\net10.0\matchdaypredictions.api.tests.dll" id="2149a90d-45f1-5a99-315d-861c85492f8c">
      <Execution id="9d7dc02d-31f7-4c61-b511-20681e6c98c3" />
      <TestMethod codeBase="C:\Users\princ\Documents\GitHub\matchday-predictions-api\MatchdayPredictions.Api.Tests\bin\Release\net10.0\MatchdayPredictions.Api.Tests.dll" adapterTypeName="executor://mstestadapter/v2" className="MatchdayPredictions.Api.Tests.Controllers.UsersControllerTests" name="Create_WhenRepositorySucceeds_ReturnsCreatedAndCallsRepository" />
    </UnitTest>
    <UnitTest name="GetByLeague_WhenRepositoryReturnsMatches_ReturnsOkWithMatches" storage="c:\users\princ\documents\github\matchday-predictions-api\matchdaypredictions.api.tests\bin\release\net10.0\matchdaypredictions.api.tests.dll" id="7753707b-5f25-0689-b500-f91309425bab">
      <Execution id="b02b8a72-3285-491c-9274-299e535be21e" />
      <TestMethod codeBase="C:\Users\princ\Documents\GitHub\matchday-predictions-api\MatchdayPredictions.Api.Tests\bin\Release\net10.0\MatchdayPredictions.Api.Tests.dll" adapterTypeName="executor://mstestadapter/v2" className="MatchdayPredictions.Api.Tests.Controllers.MatchesControllerTests" name="GetByLeague_WhenRepositoryReturnsMatches_ReturnsOkWithMatches" />
    </UnitTest>
    <UnitTest name="GetAllAsync_UsesCacheOnSubsequentCalls" storage="c:\users\princ\documents\github\matchday-predictions-api\matchdaypredictions.api.tests\bin\release\net10.0\matchdaypredictions.api.tests.dll" id="79a6d152-0a31-e881-f911-35ffa8c77251">
      <Execution id="9906ef42-0b66-480e-a4e0-9f88ad391b61" />
      <TestMethod codeBase="C:\Users\princ\Documents\GitHub\matchday-predictions-api\MatchdayPredictions.Api.Tests\bin\Release\net10.0\MatchdayPredictions.Api.Tests.dll" adapterTypeName="executor://mstestadapter/v2" className="MatchdayPredictions.Api.Tests.Repositories.CachedLeagueRepositoryTests" name="GetAllAsync_UsesCacheOnSubsequentCalls" />
    </UnitTest>
    <UnitTest name="CreatePredictionRequest_WithTooManyGoals_IsInvalid" storage="c:\users\princ\documents\github\matchday-predictions-api\matchdaypredictions.api.tests\bin\release\net10.0\matchdaypredictions.api.tests.dll" id="73e4b876-bd5b-c66d-410f-afa1b750824d">
      <Execution id="20f9cc65-8d4e-4dca-9192-6a79caf177b7" />
      <TestMethod codeBase="C:\Users\princ\Documents\GitHub\matchday-predictions-api\MatchdayPredictions.Api.Tests\bin\Release\net10.0\MatchdayPredictions.Api.Tests.dll" adapterTypeName="executor://mstestadapter/v2" className="MatchdayPredictions.Api.Tests.Models.ModelValidationTests" name="CreatePredictionRequest_WithTooManyGoals_IsInvalid" />
    </UnitTest>
    <UnitTest name="CreateUserAsync_WithWhitespaceDisplayName_FallsBackToUsername" storage="c:\users\princ\documents\github\matchday-predictions-api\matchdaypredictions.api.tests\bin\release\net10.0\matchdaypredictions.api.tests.dll" id="14a5c7bb-e607-75d6-1bab-72e743340ba3">
      <Execution id="a38acc0e-f7cb-4b09-a3eb-945c365c676c" />
      <TestMethod codeBase="C:\Users\princ\Documents\GitHub\matchday-predictions-api\MatchdayPredictions.Api.Tests\bin\Release\net10.0\MatchdayPredictions.Api.Tests.dll" adapterTypeName="executor://mstestadapter/v2" className="MatchdayPredictions.Api.Tests.Repositories.UserRepositoryTests" name="CreateUserAsync_WithWhitespaceDisplayName_FallsBackToUsername" />
    </UnitTest>
    <UnitTest name="AddPrediction_ForDifferentUser_ReturnsForbid" storage="c:\users\princ\documents\github\matchday-predictions-api\matchdaypredictions.api.tests\bin\release\net10.0\matchdaypredictions.api.tests.dll" id="f250ae68-b7a8-128c-51ec-ba63a1c17a98">
      <Execution id="456b41ab-3d2d-41bd-bdde-46b2d74457ac" />
      <TestMethod codeBase="C:\Users\princ\Documents\GitHub\matchday-predictions-api\MatchdayPredictions.Api.Tests\bin\Release\net10.0\MatchdayPredictions.Api.Tests.dll" adapterTypeName="executor://mstestadapter/v2" className="MatchdayPredictions.Api.Tests.Controllers.PredictionsControllerTests" name="AddPrediction_ForDifferentUser_ReturnsForbid" />
    </UnitTest>
    <UnitTest name="CreatePredictionRequest_WithNegativeMatchId_IsInvalid" storage="c:\users\princ\documents\github\matchday-predictions-api\matchdaypredictions.api.tests\bin\release\net10.0\matchdaypredictions.api.tests.dll" id="c9ac06cd-925b-376f-f09d-bbfea2b33bb4">
      <Execution id="e192ba71-53bc-4b66-9d5a-006057af5079" />
      <TestMethod codeBase="C:\Users\princ\Documents\GitHub\matchday-predictions-api\MatchdayPredictions.Api.Tests\bin\Release\net10.0\MatchdayPredictions.Api.Tests.dll" adapterTypeName="executor://mstestadapter/v2" className="MatchdayPredictions.Api.Tests.Models.ModelValidationTests" name="CreatePredictionRequest_WithNegativeMatchId_IsInvalid" />
    </UnitTest>
    <UnitTest name="GetById_WhenRepositoryThrows_ReturnsServerErrorAndIncrementsServerErrorMetric" storage="c:\users\princ\documents\github\matchday-predictions-api\matchdaypredictions.api.tests\bin\release\net10.0\matchdaypredictions.api.tests.dll" id="3405ef31-2719-b7a8-d43a-3d62cc1c81bc">
      <Execution id="466aad0c-38b4-4942-a8fe-48fb4c6fbc3e" />
      <TestMethod codeBase="C:\Users\princ\Documents\GitHub\matchday-predictions-api\MatchdayPredictions.Api.Tests\bin\Release\net10.0\MatchdayPredictions.Api.Tests.dll" adapterTypeName="executor://mstestadapter/v2" className="MatchdayPredictions.Api.Tests.Controllers.LeaguesControllerTests" name="GetById_WhenRepositoryThrows_ReturnsServerErrorAndIncrementsServerErrorMetric" />
    </UnitTest>
    <UnitTest name="Login_WithValidCredentials_ReturnsToken" storage="c:\users\princ\documents\github\matchday-predictions-api\matchdaypredictions.api.tests\bin\release\net10.0\matchdaypredictions.api.tests.dll" id="4c2017e9-e193-54c9-889f-ea0615e597d7">
      <Execution id="758b677e-8a3f-4eee-b694-40eacd842d98" />
      <TestMethod codeBase="C:\Users\princ\Documents\GitHub\matchday-predictions-api\MatchdayPredictions.Api.Tests\bin\Release\net10.0\MatchdayPredictions.Api.Tests.dll" adapterTypeName="executor://mstestadapter/v2" className="MatchdayPredictions.Api.Tests.Controllers.AuthControllerTests" name="Login_WithValidCredentials_ReturnsToken" />
    </UnitTest>
    <UnitTest name="GetPrediction_WhenPredictionExists_ReturnsPrediction" storage="c:\users\princ\documents\github\matchday-predictions-api\matchdaypredictions.api.tests\bin\release\net10.0\matchdaypredictions.api.tests.dll" id="db76548c-255a-11dd-80af-0c8b796c4b47">
      <Execution id="bfbade42-5f5e-4683-9047-646cff34591a" />
      <TestMethod codeBase="C:\Users\princ\Documents\GitHub\matchday-predictions-api\MatchdayPredictions.Api.Tests\bin\Release\net10.0\MatchdayPredictions.Api.Tests.dll" adapterTypeName="executor://mstestadapter/v2" className="MatchdayPredictions.Api.Tests.Controllers.PredictionsControllerTests" name="GetPrediction_WhenPredictionExists_ReturnsPrediction" />
    </UnitTest>
    <UnitTest name="AddPrediction_ForCurrentUser_CallsRepositoryAndReturnsCreated" storage="c:\users\princ\documents\github\matchday-predictions-api\matchdaypredictions.api.tests\bin\release\net10.0\matchdaypredictions.api.tests.dll" id="8d04cce8-929e-340a-d0ca-5620c566ded0">
      <Execution id="2fcd0629-2ad8-4608-833c-c4f5862dfc12" />
      <TestMethod codeBase="C:\Users\princ\Documents\GitHub\matchday-predictions-api\MatchdayPredictions.Api.Tests\bin\Release\net10.0\MatchdayPredictions.Api.Tests.dll" adapterTypeName="executor://mstestadapter/v2" className="MatchdayPredictions.Api.Tests.Controllers.PredictionsControllerTests" name="AddPrediction_ForCurrentUser_CallsRepositoryAndReturnsCreated" />
    </UnitTest>
    <UnitTest name="CreateUserAsync_WithDisplayName_UsesProvidedDisplayNameAndHashesPassword" storage="c:\users\princ\documents\github\matchday-predictions-api\matchdaypredictions.api.tests\bin\release\net10.0\matchdaypredictions.api.tests.dll" id="a948b9c0-30d9-c888-9cc4-375205188ec9">
      <Execution id="03de2d40-6cef-4563-945a-a5969d539e3e" />
      <TestMethod codeBase="C:\Users\princ\Documents\GitHub\matchday-predictions-api\MatchdayPredictions.Api.Tests\bin\Release\net10.0\MatchdayPredictions.Api.Tests.dll" adapterTypeName="executor://mstestadapter/v2" className="MatchdayPredictions.Api.Tests.Repositories.UserRepositoryTests" name="CreateUserAsync_WithDisplayName_UsesProvidedDisplayNameAndHashesPassword" />
    </UnitTest>
    <UnitTest name="GetById_WhenMatchDoesNotExist_ReturnsNotFoundAndIncrementsClientError" storage="c:\users\princ\documents\github\matchday-predictions-api\matchdaypredictions.api.tests\bin\release\net10.0\matchdaypredictions.api.tests.dll" id="2711c7cf-0878-8aa1-8212-0f027f8f17a1">
      <Execution id="6731a32f-cb50-4f7b-9866-db407a67f79b" />
      <TestMethod codeBase="C:\Users\princ\Documents\GitHub\matchday-predictions-api\MatchdayPredictions.Api.Tests\bin\Release\net10.0\MatchdayPredictions.Api.Tests.dll" adapterTypeName="executor://mstestadapter/v2" className="MatchdayPredictions.Api.Tests.Controllers.MatchesControllerTests" name="GetById_WhenMatchDoesNotExist_ReturnsNotFoundAndIncrementsClientError" />
    </UnitTest>
    <UnitTest name="LoginRequest_WithMissingPassword_IsInvalid" storage="c:\users\princ\documents\github\matchday-predictions-api\matchdaypredictions.api.tests\bin\release\net10.0\matchdaypredictions.api.tests.dll" id="89c387e8-a15c-6cb6-241b-c5ea2a0f68f5">
      <Execution id="865dd250-2e41-4831-88c9-760498b1ccb6" />
      <TestMethod codeBase="C:\Users\princ\Documents\GitHub\matchday-predictions-api\MatchdayPredictions.Api.Tests\bin\Release\net10.0\MatchdayPredictions.Api.Tests.dll" adapterTypeName="executor://mstestadapter/v2" className="MatchdayPredictions.Api.Tests.Models.ModelValidationTests" name="LoginRequest_WithMissingPassword_IsInvalid" />
    </UnitTest>
    <UnitTest name="GetPrediction_WhenPredictionDoesNotExist_ReturnsNotFound" storage="c:\users\princ\documents\github\matchday-predictions-api\matchdaypredictions.api.tests\bin\release\net10.0\matchdaypredictions.api.tests.dll" id="712c19c1-15e5-868c-f644-8681b9b21f5b">
      <Execution id="8af3b1f3-44e3-4646-8c2c-2e6bf987c0ca" />
      <TestMethod codeBase="C:\Users\princ\Documents\GitHub\matchday-predictions-api\MatchdayPredictions.Api.Tests\bin\Release\net10.0\MatchdayPredictions.Api.Tests.dll" adapterTypeName="executor://mstestadapter/v2" className="MatchdayPredictions.Api.Tests.Controllers.PredictionsControllerTests" name="GetPrediction_WhenPredictionDoesNotExist_ReturnsNotFound" />
    </UnitTest>
    <UnitTest name="Login_WithInvalidCredentials_ReturnsUnauthorized" storage="c:\users\princ\documents\github\matchday-predictions-api\matchdaypredictions.api.tests\bin\release\net10.0\matchdaypredictions.api.tests.dll" id="bfd2f272-8a6c-126c-1c47-7998a1c425b6">
      <Execution id="6b8e0f38-765e-4c6d-a729-7433e03c298f" />
      <TestMethod codeBase="C:\Users\princ\Documents\GitHub\matchday-predictions-api\MatchdayPredictions.Api.Tests\bin\Release\net10.0\MatchdayPredictions.Api.Tests.dll" adapterTypeName="executor://mstestadapter/v2" className="MatchdayPredictions.Api.Tests.Controllers.AuthControllerTests" name="Login_WithInvalidCredentials_ReturnsUnauthorized" />
    </UnitTest>
    <UnitTest name="GetSelf_WhenUserDoesNotExist_ReturnsNotFound" storage="c:\users\princ\documents\github\matchday-predictions-api\matchdaypredictions.api.tests\bin\release\net10.0\matchdaypredictions.api.tests.dll" id="9213d9f3-d29e-b113-e8c4-bcce92d6ab96">
      <Execution id="cad90e70-3277-470f-8f46-6cec853ddfe5" />
      <TestMethod codeBase="C:\Users\princ\Documents\GitHub\matchday-predictions-api\MatchdayPredictions.Api.Tests\bin\Release\net10.0\MatchdayPredictions.Api.Tests.dll" adapterTypeName="executor://mstestadapter/v2" className="MatchdayPredictions.Api.Tests.Controllers.UsersControllerTests" name="GetSelf_WhenUserDoesNotExist_ReturnsNotFound" />
    </UnitTest>
  </TestDefinitions>
  <TestEntries>
    <TestEntry testId="64131082-c8d4-bf0a-687f-b83127ab982c" executionId="e46d7f48-f7f6-4f1c-9b5c-51bbc5d8c171" testListId="8c84fa94-04c1-424b-9868-57a2d4851a1d" />
    <TestEntry testId="db76548c-255a-11dd-80af-0c8b796c4b47" executionId="bfbade42-5f5e-4683-9047-646cff34591a" testListId="8c84fa94-04c1-424b-9868-57a2d4851a1d" />
    <TestEntry testId="f250ae68-b7a8-128c-51ec-ba63a1c17a98" executionId="456b41ab-3d2d-41bd-bdde-46b2d74457ac" testListId="8c84fa94-04c1-424b-9868-57a2d4851a1d" />
    <TestEntry testId="c9ac06cd-925b-376f-f09d-bbfea2b33bb4" executionId="e192ba71-53bc-4b66-9d5a-006057af5079" testListId="8c84fa94-04c1-424b-9868-57a2d4851a1d" />
    <TestEntry testId="7753707b-5f25-0689-b500-f91309425bab" executionId="b02b8a72-3285-491c-9274-299e535be21e" testListId="8c84fa94-04c1-424b-9868-57a2d4851a1d" />
    <TestEntry testId="720cbaf7-f35e-13d2-c36d-eda1beb8511b" executionId="45cd0a05-1f55-494e-9e22-ba7a642b5f05" testListId="8c84fa94-04c1-424b-9868-57a2d4851a1d" />
    <TestEntry testId="2711c7cf-0878-8aa1-8212-0f027f8f17a1" executionId="6731a32f-cb50-4f7b-9866-db407a67f79b" testListId="8c84fa94-04c1-424b-9868-57a2d4851a1d" />
    <TestEntry testId="bfd2f272-8a6c-126c-1c47-7998a1c425b6" executionId="6b8e0f38-765e-4c6d-a729-7433e03c298f" testListId="8c84fa94-04c1-424b-9868-57a2d4851a1d" />
    <TestEntry testId="3405ef31-2719-b7a8-d43a-3d62cc1c81bc" executionId="466aad0c-38b4-4942-a8fe-48fb4c6fbc3e" testListId="8c84fa94-04c1-424b-9868-57a2d4851a1d" />
    <TestEntry testId="2e139c36-2a91-6155-0567-94123af5a3eb" executionId="4a7b744e-a2ad-4fcf-8c90-a069a942924c" testListId="8c84fa94-04c1-424b-9868-57a2d4851a1d" />
    <TestEntry testId="fe6e8b41-239a-82e1-371c-f43631434fa3" executionId="2d18aa4d-4dcb-4dc9-a358-b622e5300b8f" testListId="8c84fa94-04c1-424b-9868-57a2d4851a1d" />
    <TestEntry testId="0248e9aa-cd60-bc38-9962-8d3a229fd4eb" executionId="7bd525c9-8d70-44ad-895d-7f0188358d2a" testListId="8c84fa94-04c1-424b-9868-57a2d4851a1d" />
    <TestEntry testId="3bdc261c-1afd-8cec-cfd9-9569cf597eda" executionId="7acd4381-7a55-414e-a482-94c18ad89685" testListId="8c84fa94-04c1-424b-9868-57a2d4851a1d" />
    <TestEntry testId="14a5c7bb-e607-75d6-1bab-72e743340ba3" executionId="a38acc0e-f7cb-4b09-a3eb-945c365c676c" testListId="8c84fa94-04c1-424b-9868-57a2d4851a1d" />
    <TestEntry testId="79a6d152-0a31-e881-f911-35ffa8c77251" executionId="9906ef42-0b66-480e-a4e0-9f88ad391b61" testListId="8c84fa94-04c1-424b-9868-57a2d4851a1d" />
    <TestEntry testId="75b9f11f-0643-ea5b-4687-d901ab2ebd0c" executionId="079be711-67f2-498d-82d4-c052c3c2c242" testListId="8c84fa94-04c1-424b-9868-57a2d4851a1d" />
    <TestEntry testId="73e4b876-bd5b-c66d-410f-afa1b750824d" executionId="20f9cc65-8d4e-4dca-9192-6a79caf177b7" testListId="8c84fa94-04c1-424b-9868-57a2d4851a1d" />
    <TestEntry testId="2149a90d-45f1-5a99-315d-861c85492f8c" executionId="9d7dc02d-31f7-4c61-b511-20681e6c98c3" testListId="8c84fa94-04c1-424b-9868-57a2d4851a1d" />
    <TestEntry testId="8d04cce8-929e-340a-d0ca-5620c566ded0" executionId="2fcd0629-2ad8-4608-833c-c4f5862dfc12" testListId="8c84fa94-04c1-424b-9868-57a2d4851a1d" />
    <TestEntry testId="a948b9c0-30d9-c888-9cc4-375205188ec9" executionId="03de2d40-6cef-4563-945a-a5969d539e3e" testListId="8c84fa94-04c1-424b-9868-57a2d4851a1d" />
    <TestEntry testId="3429161e-0627-deb6-4163-9f2789d7e782" executionId="ebbda353-734d-4739-b445-1e7647eadcb7" testListId="8c84fa94-04c1-424b-9868-57a2d4851a1d" />
    <TestEntry testId="712c19c1-15e5-868c-f644-8681b9b21f5b" executionId="8af3b1f3-44e3-4646-8c2c-2e6bf987c0ca" testListId="8c84fa94-04c1-424b-9868-57a2d4851a1d" />
    <TestEntry testId="4c2017e9-e193-54c9-889f-ea0615e597d7" executionId="758b677e-8a3f-4eee-b694-40eacd842d98" testListId="8c84fa94-04c1-424b-9868-57a2d4851a1d" />
    <TestEntry testId="9213d9f3-d29e-b113-e8c4-bcce92d6ab96" executionId="cad90e70-3277-470f-8f46-6cec853ddfe5" testListId="8c84fa94-04c1-424b-9868-57a2d4851a1d" />
    <TestEntry testId="8f1f7246-61ca-eed8-f4af-412566bc1fb4" executionId="12857f57-ed8c-4ef5-86e9-6e05ff743434" testListId="8c84fa94-04c1-424b-9868-57a2d4851a1d" />
    <TestEntry testId="89c387e8-a15c-6cb6-241b-c5ea2a0f68f5" executionId="865dd250-2e41-4831-88c9-760498b1ccb6" testListId="8c84fa94-04c1-424b-9868-57a2d4851a1d" />
  </TestEntries>
  <TestLists>
    <TestList name="Results Not in a List" id="8c84fa94-04c1-424b-9868-57a2d4851a1d" />
    <TestList name="All Loaded Results" id="19431567-8539-422a-85d7-44ee4e166bda" />
  </TestLists>
  <ResultSummary outcome="Completed">
    <Counters total="26" executed="26" passed="26" failed="0" error="0" timeout="0" aborted="0" inconclusive="0" passedButRunAborted="0" notRunnable="0" notExecuted="0" disconnected="0" warning="0" completed="0" inProgress="0" pending="0" />
  </ResultSummary>
</TestRun>