<?xml version="1.0" encoding="utf-8"?>
<TestRun id="f83e86f3-285a-4013-89d8-46a35af6757b" name="princ@PCSB2 2025-11-24 21:18:39" runUser="PCSB2\princ" xmlns="http://microsoft.com/schemas/VisualStudio/TeamTest/2010">
  <Times creation="2025-11-24T21:18:39.4727347+01:00" queuing="2025-11-24T21:18:39.4727351+01:00" start="2025-11-24T21:18:37.1072376+01:00" finish="2025-11-24T21:18:39.9689906+01:00" />
  <TestSettings name="default" id="b6d48908-e1f8-492a-b406-57287a6abecc">
    <Deployment runDeploymentRoot="princ_PCSB2_2025-11-24_21_18_39" />
  </TestSettings>
  <Results>
    <UnitTestResult executionId="32644ed7-b7d9-42cc-b9dc-58a103670ba9" testId="2149a90d-45f1-5a99-315d-861c85492f8c" testName="Create_WhenRepositorySucceeds_ReturnsCreatedAndCallsRepository" computerName="PCSB2" duration="00:00:00.0016229" startTime="2025-11-24T21:18:39.8709490+01:00" endTime="2025-11-24T21:18:39.8736109+01:00" testType="13cdc9d9-ddb5-4fa4-a97d-d965ccfc6d4b" outcome="Passed" testListId="8c84fa94-04c1-424b-9868-57a2d4851a1d" relativeResultsDirectory="32644ed7-b7d9-42cc-b9dc-58a103670ba9" />
    <UnitTestResult executionId="787a8c62-41f3-4635-8c34-309fd33c8426" testId="9213d9f3-d29e-b113-e8c4-bcce92d6ab96" testName="GetSelf_WhenUserDoesNotExist_ReturnsNotFound" computerName="PCSB2" duration="00:00:00.0007434" startTime="2025-11-24T21:18:39.8700528+01:00" endTime="2025-11-24T21:18:39.8709030+01:00" testType="13cdc9d9-ddb5-4fa4-a97d-d965ccfc6d4b" outcome="Passed" testListId="8c84fa94-04c1-424b-9868-57a2d4851a1d" relativeResultsDirectory="787a8c62-41f3-4635-8c34-309fd33c8426" />
    <UnitTestResult executionId="bfc73713-d1da-4df7-a2ff-02ea00e1a0e8" testId="3429161e-0627-deb6-4163-9f2789d7e782" testName="GetSelf_WhenUserExists_ReturnsUser" computerName="PCSB2" duration="00:00:00.0016898" startTime="2025-11-24T21:18:39.8681341+01:00" endTime="2025-11-24T21:18:39.8700061+01:00" testType="13cdc9d9-ddb5-4fa4-a97d-d965ccfc6d4b" outcome="Passed" testListId="8c84fa94-04c1-424b-9868-57a2d4851a1d" relativeResultsDirectory="bfc73713-d1da-4df7-a2ff-02ea00e1a0e8" />
    <UnitTestResult executionId="a7ede7a5-862d-4baf-906d-f3452480abe8" testId="720cbaf7-f35e-13d2-c36d-eda1beb8511b" testName="GetById_WhenMatchExists_ReturnsOkWithMatch" computerName="PCSB2" duration="00:00:00.0010170" startTime="2025-11-24T21:18:39.8399126+01:00" endTime="2025-11-24T21:18:39.8410477+01:00" testType="13cdc9d9-ddb5-4fa4-a97d-d965ccfc6d4b" outcome="Passed" testListId="8c84fa94-04c1-424b-9868-57a2d4851a1d" relativeResultsDirectory="a7ede7a5-862d-4baf-906d-f3452480abe8" />
    <UnitTestResult executionId="a9fcbebd-0310-4fa6-8ad8-77db3bd24fff" testId="75b9f11f-0643-ea5b-4687-d901ab2ebd0c" testName="Create_WhenRepositoryThrows_ReturnsServerErrorAndIncrementsServerErrorMetric" computerName="PCSB2" duration="00:00:00.0021251" startTime="2025-11-24T21:18:39.8376053+01:00" endTime="2025-11-24T21:18:39.8398605+01:00" testType="13cdc9d9-ddb5-4fa4-a97d-d965ccfc6d4b" outcome="Passed" testListId="8c84fa94-04c1-424b-9868-57a2d4851a1d" relativeResultsDirectory="a9fcbebd-0310-4fa6-8ad8-77db3bd24fff" />
    <UnitTestResult executionId="104602a4-9ac2-4976-a1ae-c10c94aea583" testId="79a6d152-0a31-e881-f911-35ffa8c77251" testName="GetAllAsync_UsesCacheOnSubsequentCalls" computerName="PCSB2" duration="00:00:00.0240836" startTime="2025-11-24T21:18:38.5383551+01:00" endTime="2025-11-24T21:18:38.5628038+01:00" testType="13cdc9d9-ddb5-4fa4-a97d-d965ccfc6d4b" outcome="Passed" testListId="8c84fa94-04c1-424b-9868-57a2d4851a1d" relativeResultsDirectory="104602a4-9ac2-4976-a1ae-c10c94aea583" />
    <UnitTestResult executionId="a99dd2a5-ccd9-4a5f-af84-6ef28ca26bad" testId="89c387e8-a15c-6cb6-241b-c5ea2a0f68f5" testName="LoginRequest_WithMissingPassword_IsInvalid" computerName="PCSB2" duration="00:00:00.0016621" startTime="2025-11-24T21:18:38.5215416+01:00" endTime="2025-11-24T21:18:38.5235018+01:00" testType="13cdc9d9-ddb5-4fa4-a97d-d965ccfc6d4b" outcome="Passed" testListId="8c84fa94-04c1-424b-9868-57a2d4851a1d" relativeResultsDirectory="a99dd2a5-ccd9-4a5f-af84-6ef28ca26bad" />
    <UnitTestResult executionId="7ecdab4a-fb5b-4055-8861-808d3f5d9b40" testId="712c19c1-15e5-868c-f644-8681b9b21f5b" testName="GetPrediction_WhenPredictionDoesNotExist_ReturnsNotFound" computerName="PCSB2" duration="00:00:00.0015196" startTime="2025-11-24T21:18:39.8645551+01:00" endTime="2025-11-24T21:18:39.8666334+01:00" testType="13cdc9d9-ddb5-4fa4-a97d-d965ccfc6d4b" outcome="Passed" testListId="8c84fa94-04c1-424b-9868-57a2d4851a1d" relativeResultsDirectory="7ecdab4a-fb5b-4055-8861-808d3f5d9b40" />
    <UnitTestResult executionId="1acbb56a-5747-43ad-8fc4-5ed33f1766d7" testId="8d04cce8-929e-340a-d0ca-5620c566ded0" testName="AddPrediction_ForCurrentUser_CallsRepositoryAndReturnsCreated" computerName="PCSB2" duration="00:00:00.0018593" startTime="2025-11-24T21:18:39.8608457+01:00" endTime="2025-11-24T21:18:39.8628753+01:00" testType="13cdc9d9-ddb5-4fa4-a97d-d965ccfc6d4b" outcome="Passed" testListId="8c84fa94-04c1-424b-9868-57a2d4851a1d" relativeResultsDirectory="1acbb56a-5747-43ad-8fc4-5ed33f1766d7" />
    <UnitTestResult executionId="0c03d804-a040-466e-86f8-285d9969a13d" testId="0248e9aa-cd60-bc38-9962-8d3a229fd4eb" testName="GetByIdAsync_CachesPerLeagueId" computerName="PCSB2" duration="00:00:00.0074052" startTime="2025-11-24T21:18:38.5628892+01:00" endTime="2025-11-24T21:18:38.5705104+01:00" testType="13cdc9d9-ddb5-4fa4-a97d-d965ccfc6d4b" outcome="Passed" testListId="8c84fa94-04c1-424b-9868-57a2d4851a1d" relativeResultsDirectory="0c03d804-a040-466e-86f8-285d9969a13d" />
    <UnitTestResult executionId="dbe8f4ea-07bd-4e3f-ad90-efc263a7d623" testId="8f1f7246-61ca-eed8-f4af-412566bc1fb4" testName="CreateUserRequest_WithInvalidEmail_IsInvalid" computerName="PCSB2" duration="00:00:00.0015537" startTime="2025-11-24T21:18:38.5240785+01:00" endTime="2025-11-24T21:18:38.5258082+01:00" testType="13cdc9d9-ddb5-4fa4-a97d-d965ccfc6d4b" outcome="Passed" testListId="8c84fa94-04c1-424b-9868-57a2d4851a1d" relativeResultsDirectory="dbe8f4ea-07bd-4e3f-ad90-efc263a7d623" />
    <UnitTestResult executionId="d019a09d-6d8f-429a-9655-04138b9efa44" testId="4c2017e9-e193-54c9-889f-ea0615e597d7" testName="Login_WithValidCredentials_ReturnsToken" computerName="PCSB2" duration="00:00:00.4377708" startTime="2025-11-24T21:18:39.3888237+01:00" endTime="2025-11-24T21:18:39.8268627+01:00" testType="13cdc9d9-ddb5-4fa4-a97d-d965ccfc6d4b" outcome="Passed" testListId="8c84fa94-04c1-424b-9868-57a2d4851a1d" relativeResultsDirectory="d019a09d-6d8f-429a-9655-04138b9efa44" />
    <UnitTestResult executionId="5b356c5e-c3b9-48e6-90fb-ddacef599289" testId="f250ae68-b7a8-128c-51ec-ba63a1c17a98" testName="AddPrediction_ForDifferentUser_ReturnsForbid" computerName="PCSB2" duration="00:00:00.0138643" startTime="2025-11-24T21:18:39.8466288+01:00" endTime="2025-11-24T21:18:39.8607589+01:00" testType="13cdc9d9-ddb5-4fa4-a97d-d965ccfc6d4b" outcome="Passed" testListId="8c84fa94-04c1-424b-9868-57a2d4851a1d" relativeResultsDirectory="5b356c5e-c3b9-48e6-90fb-ddacef599289" />
    <UnitTestResult executionId="4cc47828-2b87-41b7-92de-58755baf98e0" testId="64131082-c8d4-bf0a-687f-b83127ab982c" testName="GetPrediction_ForDifferentUser_ReturnsForbid" computerName="PCSB2" duration="00:00:00.0014429" startTime="2025-11-24T21:18:39.8629283+01:00" endTime="2025-11-24T21:18:39.8645023+01:00" testType="13cdc9d9-ddb5-4fa4-a97d-d965ccfc6d4b" outcome="Passed" testListId="8c84fa94-04c1-424b-9868-57a2d4851a1d" relativeResultsDirectory="4cc47828-2b87-41b7-92de-58755baf98e0" />
    <UnitTestResult executionId="54aa04e8-c202-4465-8565-7faee6b6426c" testId="3405ef31-2719-b7a8-d43a-3d62cc1c81bc" testName="GetById_WhenRepositoryThrows_ReturnsServerErrorAndIncrementsServerErrorMetric" computerName="PCSB2" duration="00:00:00.0024009" startTime="2025-11-24T21:18:39.8322842+01:00" endTime="2025-11-24T21:18:39.8349290+01:00" testType="13cdc9d9-ddb5-4fa4-a97d-d965ccfc6d4b" outcome="Passed" testListId="8c84fa94-04c1-424b-9868-57a2d4851a1d" relativeResultsDirectory="54aa04e8-c202-4465-8565-7faee6b6426c" />
    <UnitTestResult executionId="25794824-244d-4cac-98d1-d1ad0f76cbd6" testId="a948b9c0-30d9-c888-9cc4-375205188ec9" testName="CreateUserAsync_WithDisplayName_UsesProvidedDisplayNameAndHashesPassword" computerName="PCSB2" duration="00:00:00.4932046" startTime="2025-11-24T21:18:38.5705955+01:00" endTime="2025-11-24T21:18:39.0643099+01:00" testType="13cdc9d9-ddb5-4fa4-a97d-d965ccfc6d4b" outcome="Passed" testListId="8c84fa94-04c1-424b-9868-57a2d4851a1d" relativeResultsDirectory="25794824-244d-4cac-98d1-d1ad0f76cbd6" />
    <UnitTestResult executionId="5d16c214-d821-44bf-bedb-656e931a344a" testId="7753707b-5f25-0689-b500-f91309425bab" testName="GetByLeague_WhenRepositoryReturnsMatches_ReturnsOkWithMatches" computerName="PCSB2" duration="00:00:00.0027937" startTime="2025-11-24T21:18:39.8410993+01:00" endTime="2025-11-24T21:18:39.8440272+01:00" testType="13cdc9d9-ddb5-4fa4-a97d-d965ccfc6d4b" outcome="Passed" testListId="8c84fa94-04c1-424b-9868-57a2d4851a1d" relativeResultsDirectory="5d16c214-d821-44bf-bedb-656e931a344a" />
    <UnitTestResult executionId="30bc230d-beec-4e1a-abf0-be73e2b77b6e" testId="2711c7cf-0878-8aa1-8212-0f027f8f17a1" testName="GetById_WhenMatchDoesNotExist_ReturnsNotFoundAndIncrementsClientError" computerName="PCSB2" duration="00:00:00.0022866" startTime="2025-11-24T21:18:39.8350200+01:00" endTime="2025-11-24T21:18:39.8375361+01:00" testType="13cdc9d9-ddb5-4fa4-a97d-d965ccfc6d4b" outcome="Passed" testListId="8c84fa94-04c1-424b-9868-57a2d4851a1d" relativeResultsDirectory="30bc230d-beec-4e1a-abf0-be73e2b77b6e" />
    <UnitTestResult executionId="aa557641-5e3a-4ec0-8bc0-20ce2d013ea6" testId="73e4b876-bd5b-c66d-410f-afa1b750824d" testName="CreatePredictionRequest_WithTooManyGoals_IsInvalid" computerName="PCSB2" duration="00:00:00.0017934" startTime="2025-11-24T21:18:38.5359757+01:00" endTime="2025-11-24T21:18:38.5382830+01:00" testType="13cdc9d9-ddb5-4fa4-a97d-d965ccfc6d4b" outcome="Passed" testListId="8c84fa94-04c1-424b-9868-57a2d4851a1d" relativeResultsDirectory="aa557641-5e3a-4ec0-8bc0-20ce2d013ea6" />
    <UnitTestResult executionId="e130397c-ccd6-4e50-a7fd-ac7e4f15aa17" testId="3bdc261c-1afd-8cec-cfd9-9569cf597eda" testName="GetById_WhenLeagueExists_ReturnsOkAndIncrementsSuccessMetric" computerName="PCSB2" duration="00:00:00.0017132" startTime="2025-11-24T21:18:39.8269782+01:00" endTime="2025-11-24T21:18:39.8290067+01:00" testType="13cdc9d9-ddb5-4fa4-a97d-d965ccfc6d4b" outcome="Passed" testListId="8c84fa94-04c1-424b-9868-57a2d4851a1d" relativeResultsDirectory="e130397c-ccd6-4e50-a7fd-ac7e4f15aa17" />
    <UnitTestResult executionId="a16a1b58-8876-453b-bca3-8250bba77ae8" testId="c9ac06cd-925b-376f-f09d-bbfea2b33bb4" testName="CreatePredictionRequest_WithNegativeMatchId_IsInvalid" computerName="PCSB2" duration="00:00:00.0097107" startTime="2025-11-24T21:18:38.5258890+01:00" endTime="2025-11-24T21:18:38.5358519+01:00" testType="13cdc9d9-ddb5-4fa4-a97d-d965ccfc6d4b" outcome="Passed" testListId="8c84fa94-04c1-424b-9868-57a2d4851a1d" relativeResultsDirectory="a16a1b58-8876-453b-bca3-8250bba77ae8" />
    <UnitTestResult executionId="23907edd-a730-428f-9eb1-8f59f01cf5f9" testId="db76548c-255a-11dd-80af-0c8b796c4b47" testName="GetPrediction_WhenPredictionExists_ReturnsPrediction" computerName="PCSB2" duration="00:00:00.0011798" startTime="2025-11-24T21:18:39.8667427+01:00" endTime="2025-11-24T21:18:39.8680844+01:00" testType="13cdc9d9-ddb5-4fa4-a97d-d965ccfc6d4b" outcome="Passed" testListId="8c84fa94-04c1-424b-9868-57a2d4851a1d" relativeResultsDirectory="23907edd-a730-428f-9eb1-8f59f01cf5f9" />
    <UnitTestResult executionId="86f8ec2e-8b69-447e-85e7-be2572a64979" testId="2e139c36-2a91-6155-0567-94123af5a3eb" testName="GetById_WhenLeagueDoesNotExist_ReturnsNotFoundAndIncrementsClientError" computerName="PCSB2" duration="00:00:00.0029060" startTime="2025-11-24T21:18:39.8290712+01:00" endTime="2025-11-24T21:18:39.8321597+01:00" testType="13cdc9d9-ddb5-4fa4-a97d-d965ccfc6d4b" outcome="Passed" testListId="8c84fa94-04c1-424b-9868-57a2d4851a1d" relativeResultsDirectory="86f8ec2e-8b69-447e-85e7-be2572a64979" />
    <UnitTestResult executionId="8f3d4e67-5e42-40fc-915f-cd145ff2b794" testId="14a5c7bb-e607-75d6-1bab-72e743340ba3" testName="CreateUserAsync_WithWhitespaceDisplayName_FallsBackToUsername" computerName="PCSB2" duration="00:00:00.2064292" startTime="2025-11-24T21:18:39.0644909+01:00" endTime="2025-11-24T21:18:39.2712454+01:00" testType="13cdc9d9-ddb5-4fa4-a97d-d965ccfc6d4b" outcome="Passed" testListId="8c84fa94-04c1-424b-9868-57a2d4851a1d" relativeResultsDirectory="8f3d4e67-5e42-40fc-915f-cd145ff2b794" />
    <UnitTestResult executionId="67700002-deef-48e3-bfd1-d8196fe29037" testId="bfd2f272-8a6c-126c-1c47-7998a1c425b6" testName="Login_WithInvalidCredentials_ReturnsUnauthorized" computerName="PCSB2" duration="00:00:00.0149325" startTime="2025-11-24T21:18:39.3728055+01:00" endTime="2025-11-24T21:18:39.3886924+01:00" testType="13cdc9d9-ddb5-4fa4-a97d-d965ccfc6d4b" outcome="Passed" testListId="8c84fa94-04c1-424b-9868-57a2d4851a1d" relativeResultsDirectory="67700002-deef-48e3-bfd1-d8196fe29037" />
    <UnitTestResult executionId="387b03ef-2302-4492-ab57-20329d181bd1" testId="fe6e8b41-239a-82e1-371c-f43631434fa3" testName="CreateUserRequest_WithTooShortUsername_IsInvalid" computerName="PCSB2" duration="00:00:00.0285690" startTime="2025-11-24T21:18:38.3680785+01:00" endTime="2025-11-24T21:18:38.5113442+01:00" testType="13cdc9d9-ddb5-4fa4-a97d-d965ccfc6d4b" outcome="Passed" testListId="8c84fa94-04c1-424b-9868-57a2d4851a1d" relativeResultsDirectory="387b03ef-2302-4492-ab57-20329d181bd1" />
  </Results>
  <TestDefinitions>
    <UnitTest name="GetSelf_WhenUserExists_ReturnsUser" storage="c:\users\princ\documents\github\matchday-predictions-api\matchdaypredictions.api.tests\bin\release\net10.0\matchdaypredictions.api.tests.dll" id="3429161e-0627-deb6-4163-9f2789d7e782">
      <Execution id="bfc73713-d1da-4df7-a2ff-02ea00e1a0e8" />
      <TestMethod codeBase="C:\Users\princ\Documents\GitHub\matchday-predictions-api\MatchdayPredictions.Api.Tests\bin\Release\net10.0\MatchdayPredictions.Api.Tests.dll" adapterTypeName="executor://mstestadapter/v2" className="MatchdayPredictions.Api.Tests.Controllers.UsersControllerTests" name="GetSelf_WhenUserExists_ReturnsUser" />
    </UnitTest>
    <UnitTest name="GetById_WhenLeagueDoesNotExist_ReturnsNotFoundAndIncrementsClientError" storage="c:\users\princ\documents\github\matchday-predictions-api\matchdaypredictions.api.tests\bin\release\net10.0\matchdaypredictions.api.tests.dll" id="2e139c36-2a91-6155-0567-94123af5a3eb">
      <Execution id="86f8ec2e-8b69-447e-85e7-be2572a64979" />
      <TestMethod codeBase="C:\Users\princ\Documents\GitHub\matchday-predictions-api\MatchdayPredictions.Api.Tests\bin\Release\net10.0\MatchdayPredictions.Api.Tests.dll" adapterTypeName="executor://mstestadapter/v2" className="MatchdayPredictions.Api.Tests.Controllers.LeaguesControllerTests" name="GetById_WhenLeagueDoesNotExist_ReturnsNotFoundAndIncrementsClientError" />
    </UnitTest>
    <UnitTest name="Create_WhenRepositoryThrows_ReturnsServerErrorAndIncrementsServerErrorMetric" storage="c:\users\princ\documents\github\matchday-predictions-api\matchdaypredictions.api.tests\bin\release\net10.0\matchdaypredictions.api.tests.dll" id="75b9f11f-0643-ea5b-4687-d901ab2ebd0c">
      <Execution id="a9fcbebd-0310-4fa6-8ad8-77db3bd24fff" />
      <TestMethod codeBase="C:\Users\princ\Documents\GitHub\matchday-predictions-api\MatchdayPredictions.Api.Tests\bin\Release\net10.0\MatchdayPredictions.Api.Tests.dll" adapterTypeName="executor://mstestadapter/v2" className="MatchdayPredictions.Api.Tests.Controllers.MatchesControllerTests" name="Create_WhenRepositoryThrows_ReturnsServerErrorAndIncrementsServerErrorMetric" />
    </UnitTest>
    <UnitTest name="CreateUserRequest_WithTooShortUsername_IsInvalid" storage="c:\users\princ\documents\github\matchday-predictions-api\matchdaypredictions.api.tests\bin\release\net10.0\matchdaypredictions.api.tests.dll" id="fe6e8b41-239a-82e1-371c-f43631434fa3">
      <Execution id="387b03ef-2302-4492-ab57-20329d181bd1" />
      <TestMethod codeBase="C:\Users\princ\Documents\GitHub\matchday-predictions-api\MatchdayPredictions.Api.Tests\bin\Release\net10.0\MatchdayPredictions.Api.Tests.dll" adapterTypeName="executor://mstestadapter/v2" className="MatchdayPredictions.Api.Tests.Models.ModelValidationTests" name="CreateUserRequest_WithTooShortUsername_IsInvalid" />
    </UnitTest>
    <UnitTest name="CreateUserRequest_WithInvalidEmail_IsInvalid" storage="c:\users\princ\documents\github\matchday-predictions-api\matchdaypredictions.api.tests\bin\release\net10.0\matchdaypredictions.api.tests.dll" id="8f1f7246-61ca-eed8-f4af-412566bc1fb4">
      <Execution id="dbe8f4ea-07bd-4e3f-ad90-efc263a7d623" />
      <TestMethod codeBase="C:\Users\princ\Documents\GitHub\matchday-predictions-api\MatchdayPredictions.Api.Tests\bin\Release\net10.0\MatchdayPredictions.Api.Tests.dll" adapterTypeName="executor://mstestadapter/v2" className="MatchdayPredictions.Api.Tests.Models.ModelValidationTests" name="CreateUserRequest_WithInvalidEmail_IsInvalid" />
    </UnitTest>
    <UnitTest name="GetByIdAsync_CachesPerLeagueId" storage="c:\users\princ\documents\github\matchday-predictions-api\matchdaypredictions.api.tests\bin\release\net10.0\matchdaypredictions.api.tests.dll" id="0248e9aa-cd60-bc38-9962-8d3a229fd4eb">
      <Execution id="0c03d804-a040-466e-86f8-285d9969a13d" />
      <TestMethod codeBase="C:\Users\princ\Documents\GitHub\matchday-predictions-api\MatchdayPredictions.Api.Tests\bin\Release\net10.0\MatchdayPredictions.Api.Tests.dll" adapterTypeName="executor://mstestadapter/v2" className="MatchdayPredictions.Api.Tests.Repositories.CachedLeagueRepositoryTests" name="GetByIdAsync_CachesPerLeagueId" />
    </UnitTest>
    <UnitTest name="GetById_WhenMatchExists_ReturnsOkWithMatch" storage="c:\users\princ\documents\github\matchday-predictions-api\matchdaypredictions.api.tests\bin\release\net10.0\matchdaypredictions.api.tests.dll" id="720cbaf7-f35e-13d2-c36d-eda1beb8511b">
      <Execution id="a7ede7a5-862d-4baf-906d-f3452480abe8" />
      <TestMethod codeBase="C:\Users\princ\Documents\GitHub\matchday-predictions-api\MatchdayPredictions.Api.Tests\bin\Release\net10.0\MatchdayPredictions.Api.Tests.dll" adapterTypeName="executor://mstestadapter/v2" className="MatchdayPredictions.Api.Tests.Controllers.MatchesControllerTests" name="GetById_WhenMatchExists_ReturnsOkWithMatch" />
    </UnitTest>
    <UnitTest name="GetPrediction_ForDifferentUser_ReturnsForbid" storage="c:\users\princ\documents\github\matchday-predictions-api\matchdaypredictions.api.tests\bin\release\net10.0\matchdaypredictions.api.tests.dll" id="64131082-c8d4-bf0a-687f-b83127ab982c">
      <Execution id="4cc47828-2b87-41b7-92de-58755baf98e0" />
      <TestMethod codeBase="C:\Users\princ\Documents\GitHub\matchday-predictions-api\MatchdayPredictions.Api.Tests\bin\Release\net10.0\MatchdayPredictions.Api.Tests.dll" adapterTypeName="executor://mstestadapter/v2" className="MatchdayPredictions.Api.Tests.Controllers.PredictionsControllerTests" name="GetPrediction_ForDifferentUser_ReturnsForbid" />
    </UnitTest>
    <UnitTest name="GetById_WhenLeagueExists_ReturnsOkAndIncrementsSuccessMetric" storage="c:\users\princ\documents\github\matchday-predictions-api\matchdaypredictions.api.tests\bin\release\net10.0\matchdaypredictions.api.tests.dll" id="3bdc261c-1afd-8cec-cfd9-9569cf597eda">
      <Execution id="e130397c-ccd6-4e50-a7fd-ac7e4f15aa17" />
      <TestMethod codeBase="C:\Users\princ\Documents\GitHub\matchday-predictions-api\MatchdayPredictions.Api.Tests\bin\Release\net10.0\MatchdayPredictions.Api.Tests.dll" adapterTypeName="executor://mstestadapter/v2" className="MatchdayPredictions.Api.Tests.Controllers.LeaguesControllerTests" name="GetById_WhenLeagueExists_ReturnsOkAndIncrementsSuccessMetric" />
    </UnitTest>
    <UnitTest name="Create_WhenRepositorySucceeds_ReturnsCreatedAndCallsRepository" storage="c:\users\princ\documents\github\matchday-predictions-api\matchdaypredictions.api.tests\bin\release\net10.0\matchdaypredictions.api.tests.dll" id="2149a90d-45f1-5a99-315d-861c85492f8c">
      <Execution id="32644ed7-b7d9-42cc-b9dc-58a103670ba9" />
      <TestMethod codeBase="C:\Users\princ\Documents\GitHub\matchday-predictions-api\MatchdayPredictions.Api.Tests\bin\Release\net10.0\MatchdayPredictions.Api.Tests.dll" adapterTypeName="executor://mstestadapter/v2" className="MatchdayPredictions.Api.Tests.Controllers.UsersControllerTests" name="Create_WhenRepositorySucceeds_ReturnsCreatedAndCallsRepository" />
    </UnitTest>
    <UnitTest name="GetByLeague_WhenRepositoryReturnsMatches_ReturnsOkWithMatches" storage="c:\users\princ\documents\github\matchday-predictions-api\matchdaypredictions.api.tests\bin\release\net10.0\matchdaypredictions.api.tests.dll" id="7753707b-5f25-0689-b500-f91309425bab">
      <Execution id="5d16c214-d821-44bf-bedb-656e931a344a" />
      <TestMethod codeBase="C:\Users\princ\Documents\GitHub\matchday-predictions-api\MatchdayPredictions.Api.Tests\bin\Release\net10.0\MatchdayPredictions.Api.Tests.dll" adapterTypeName="executor://mstestadapter/v2" className="MatchdayPredictions.Api.Tests.Controllers.MatchesControllerTests" name="GetByLeague_WhenRepositoryReturnsMatches_ReturnsOkWithMatches" />
    </UnitTest>
    <UnitTest name="GetAllAsync_UsesCacheOnSubsequentCalls" storage="c:\users\princ\documents\github\matchday-predictions-api\matchdaypredictions.api.tests\bin\release\net10.0\matchdaypredictions.api.tests.dll" id="79a6d152-0a31-e881-f911-35ffa8c77251">
      <Execution id="104602a4-9ac2-4976-a1ae-c10c94aea583" />
      <TestMethod codeBase="C:\Users\princ\Documents\GitHub\matchday-predictions-api\MatchdayPredictions.Api.Tests\bin\Release\net10.0\MatchdayPredictions.Api.Tests.dll" adapterTypeName="executor://mstestadapter/v2" className="MatchdayPredictions.Api.Tests.Repositories.CachedLeagueRepositoryTests" name="GetAllAsync_UsesCacheOnSubsequentCalls" />
    </UnitTest>
    <UnitTest name="CreatePredictionRequest_WithTooManyGoals_IsInvalid" storage="c:\users\princ\documents\github\matchday-predictions-api\matchdaypredictions.api.tests\bin\release\net10.0\matchdaypredictions.api.tests.dll" id="73e4b876-bd5b-c66d-410f-afa1b750824d">
      <Execution id="aa557641-5e3a-4ec0-8bc0-20ce2d013ea6" />
      <TestMethod codeBase="C:\Users\princ\Documents\GitHub\matchday-predictions-api\MatchdayPredictions.Api.Tests\bin\Release\net10.0\MatchdayPredictions.Api.Tests.dll" adapterTypeName="executor://mstestadapter/v2" className="MatchdayPredictions.Api.Tests.Models.ModelValidationTests" name="CreatePredictionRequest_WithTooManyGoals_IsInvalid" />
    </UnitTest>
    <UnitTest name="CreateUserAsync_WithWhitespaceDisplayName_FallsBackToUsername" storage="c:\users\princ\documents\github\matchday-predictions-api\matchdaypredictions.api.tests\bin\release\net10.0\matchdaypredictions.api.tests.dll" id="14a5c7bb-e607-75d6-1bab-72e743340ba3">
      <Execution id="8f3d4e67-5e42-40fc-915f-cd145ff2b794" />
      <TestMethod codeBase="C:\Users\princ\Documents\GitHub\matchday-predictions-api\MatchdayPredictions.Api.Tests\bin\Release\net10.0\MatchdayPredictions.Api.Tests.dll" adapterTypeName="executor://mstestadapter/v2" className="MatchdayPredictions.Api.Tests.Repositories.UserRepositoryTests" name="CreateUserAsync_WithWhitespaceDisplayName_FallsBackToUsername" />
    </UnitTest>
    <UnitTest name="AddPrediction_ForDifferentUser_ReturnsForbid" storage="c:\users\princ\documents\github\matchday-predictions-api\matchdaypredictions.api.tests\bin\release\net10.0\matchdaypredictions.api.tests.dll" id="f250ae68-b7a8-128c-51ec-ba63a1c17a98">
      <Execution id="5b356c5e-c3b9-48e6-90fb-ddacef599289" />
      <TestMethod codeBase="C:\Users\princ\Documents\GitHub\matchday-predictions-api\MatchdayPredictions.Api.Tests\bin\Release\net10.0\MatchdayPredictions.Api.Tests.dll" adapterTypeName="executor://mstestadapter/v2" className="MatchdayPredictions.Api.Tests.Controllers.PredictionsControllerTests" name="AddPrediction_ForDifferentUser_ReturnsForbid" />
    </UnitTest>
    <UnitTest name="CreatePredictionRequest_WithNegativeMatchId_IsInvalid" storage="c:\users\princ\documents\github\matchday-predictions-api\matchdaypredictions.api.tests\bin\release\net10.0\matchdaypredictions.api.tests.dll" id="c9ac06cd-925b-376f-f09d-bbfea2b33bb4">
      <Execution id="a16a1b58-8876-453b-bca3-8250bba77ae8" />
      <TestMethod codeBase="C:\Users\princ\Documents\GitHub\matchday-predictions-api\MatchdayPredictions.Api.Tests\bin\Release\net10.0\MatchdayPredictions.Api.Tests.dll" adapterTypeName="executor://mstestadapter/v2" className="MatchdayPredictions.Api.Tests.Models.ModelValidationTests" name="CreatePredictionRequest_WithNegativeMatchId_IsInvalid" />
    </UnitTest>
    <UnitTest name="GetById_WhenRepositoryThrows_ReturnsServerErrorAndIncrementsServerErrorMetric" storage="c:\users\princ\documents\github\matchday-predictions-api\matchdaypredictions.api.tests\bin\release\net10.0\matchdaypredictions.api.tests.dll" id="3405ef31-2719-b7a8-d43a-3d62cc1c81bc">
      <Execution id="54aa04e8-c202-4465-8565-7faee6b6426c" />
      <TestMethod codeBase="C:\Users\princ\Documents\GitHub\matchday-predictions-api\MatchdayPredictions.Api.Tests\bin\Release\net10.0\MatchdayPredictions.Api.Tests.dll" adapterTypeName="executor://mstestadapter/v2" className="MatchdayPredictions.Api.Tests.Controllers.LeaguesControllerTests" name="GetById_WhenRepositoryThrows_ReturnsServerErrorAndIncrementsServerErrorMetric" />
    </UnitTest>
    <UnitTest name="Login_WithValidCredentials_ReturnsToken" storage="c:\users\princ\documents\github\matchday-predictions-api\matchdaypredictions.api.tests\bin\release\net10.0\matchdaypredictions.api.tests.dll" id="4c2017e9-e193-54c9-889f-ea0615e597d7">
      <Execution id="d019a09d-6d8f-429a-9655-04138b9efa44" />
      <TestMethod codeBase="C:\Users\princ\Documents\GitHub\matchday-predictions-api\MatchdayPredictions.Api.Tests\bin\Release\net10.0\MatchdayPredictions.Api.Tests.dll" adapterTypeName="executor://mstestadapter/v2" className="MatchdayPredictions.Api.Tests.Controllers.AuthControllerTests" name="Login_WithValidCredentials_ReturnsToken" />
    </UnitTest>
    <UnitTest name="GetPrediction_WhenPredictionExists_ReturnsPrediction" storage="c:\users\princ\documents\github\matchday-predictions-api\matchdaypredictions.api.tests\bin\release\net10.0\matchdaypredictions.api.tests.dll" id="db76548c-255a-11dd-80af-0c8b796c4b47">
      <Execution id="23907edd-a730-428f-9eb1-8f59f01cf5f9" />
      <TestMethod codeBase="C:\Users\princ\Documents\GitHub\matchday-predictions-api\MatchdayPredictions.Api.Tests\bin\Release\net10.0\MatchdayPredictions.Api.Tests.dll" adapterTypeName="executor://mstestadapter/v2" className="MatchdayPredictions.Api.Tests.Controllers.PredictionsControllerTests" name="GetPrediction_WhenPredictionExists_ReturnsPrediction" />
    </UnitTest>
    <UnitTest name="AddPrediction_ForCurrentUser_CallsRepositoryAndReturnsCreated" storage="c:\users\princ\documents\github\matchday-predictions-api\matchdaypredictions.api.tests\bin\release\net10.0\matchdaypredictions.api.tests.dll" id="8d04cce8-929e-340a-d0ca-5620c566ded0">
      <Execution id="1acbb56a-5747-43ad-8fc4-5ed33f1766d7" />
      <TestMethod codeBase="C:\Users\princ\Documents\GitHub\matchday-predictions-api\MatchdayPredictions.Api.Tests\bin\Release\net10.0\MatchdayPredictions.Api.Tests.dll" adapterTypeName="executor://mstestadapter/v2" className="MatchdayPredictions.Api.Tests.Controllers.PredictionsControllerTests" name="AddPrediction_ForCurrentUser_CallsRepositoryAndReturnsCreated" />
    </UnitTest>
    <UnitTest name="CreateUserAsync_WithDisplayName_UsesProvidedDisplayNameAndHashesPassword" storage="c:\users\princ\documents\github\matchday-predictions-api\matchdaypredictions.api.tests\bin\release\net10.0\matchdaypredictions.api.tests.dll" id="a948b9c0-30d9-c888-9cc4-375205188ec9">
      <Execution id="25794824-244d-4cac-98d1-d1ad0f76cbd6" />
      <TestMethod codeBase="C:\Users\princ\Documents\GitHub\matchday-predictions-api\MatchdayPredictions.Api.Tests\bin\Release\net10.0\MatchdayPredictions.Api.Tests.dll" adapterTypeName="executor://mstestadapter/v2" className="MatchdayPredictions.Api.Tests.Repositories.UserRepositoryTests" name="CreateUserAsync_WithDisplayName_UsesProvidedDisplayNameAndHashesPassword" />
    </UnitTest>
    <UnitTest name="GetById_WhenMatchDoesNotExist_ReturnsNotFoundAndIncrementsClientError" storage="c:\users\princ\documents\github\matchday-predictions-api\matchdaypredictions.api.tests\bin\release\net10.0\matchdaypredictions.api.tests.dll" id="2711c7cf-0878-8aa1-8212-0f027f8f17a1">
      <Execution id="30bc230d-beec-4e1a-abf0-be73e2b77b6e" />
      <TestMethod codeBase="C:\Users\princ\Documents\GitHub\matchday-predictions-api\MatchdayPredictions.Api.Tests\bin\Release\net10.0\MatchdayPredictions.Api.Tests.dll" adapterTypeName="executor://mstestadapter/v2" className="MatchdayPredictions.Api.Tests.Controllers.MatchesControllerTests" name="GetById_WhenMatchDoesNotExist_ReturnsNotFoundAndIncrementsClientError" />
    </UnitTest>
    <UnitTest name="LoginRequest_WithMissingPassword_IsInvalid" storage="c:\users\princ\documents\github\matchday-predictions-api\matchdaypredictions.api.tests\bin\release\net10.0\matchdaypredictions.api.tests.dll" id="89c387e8-a15c-6cb6-241b-c5ea2a0f68f5">
      <Execution id="a99dd2a5-ccd9-4a5f-af84-6ef28ca26bad" />
      <TestMethod codeBase="C:\Users\princ\Documents\GitHub\matchday-predictions-api\MatchdayPredictions.Api.Tests\bin\Release\net10.0\MatchdayPredictions.Api.Tests.dll" adapterTypeName="executor://mstestadapter/v2" className="MatchdayPredictions.Api.Tests.Models.ModelValidationTests" name="LoginRequest_WithMissingPassword_IsInvalid" />
    </UnitTest>
    <UnitTest name="GetPrediction_WhenPredictionDoesNotExist_ReturnsNotFound" storage="c:\users\princ\documents\github\matchday-predictions-api\matchdaypredictions.api.tests\bin\release\net10.0\matchdaypredictions.api.tests.dll" id="712c19c1-15e5-868c-f644-8681b9b21f5b">
      <Execution id="7ecdab4a-fb5b-4055-8861-808d3f5d9b40" />
      <TestMethod codeBase="C:\Users\princ\Documents\GitHub\matchday-predictions-api\MatchdayPredictions.Api.Tests\bin\Release\net10.0\MatchdayPredictions.Api.Tests.dll" adapterTypeName="executor://mstestadapter/v2" className="MatchdayPredictions.Api.Tests.Controllers.PredictionsControllerTests" name="GetPrediction_WhenPredictionDoesNotExist_ReturnsNotFound" />
    </UnitTest>
    <UnitTest name="Login_WithInvalidCredentials_ReturnsUnauthorized" storage="c:\users\princ\documents\github\matchday-predictions-api\matchdaypredictions.api.tests\bin\release\net10.0\matchdaypredictions.api.tests.dll" id="bfd2f272-8a6c-126c-1c47-7998a1c425b6">
      <Execution id="67700002-deef-48e3-bfd1-d8196fe29037" />
      <TestMethod codeBase="C:\Users\princ\Documents\GitHub\matchday-predictions-api\MatchdayPredictions.Api.Tests\bin\Release\net10.0\MatchdayPredictions.Api.Tests.dll" adapterTypeName="executor://mstestadapter/v2" className="MatchdayPredictions.Api.Tests.Controllers.AuthControllerTests" name="Login_WithInvalidCredentials_ReturnsUnauthorized" />
    </UnitTest>
    <UnitTest name="GetSelf_WhenUserDoesNotExist_ReturnsNotFound" storage="c:\users\princ\documents\github\matchday-predictions-api\matchdaypredictions.api.tests\bin\release\net10.0\matchdaypredictions.api.tests.dll" id="9213d9f3-d29e-b113-e8c4-bcce92d6ab96">
      <Execution id="787a8c62-41f3-4635-8c34-309fd33c8426" />
      <TestMethod codeBase="C:\Users\princ\Documents\GitHub\matchday-predictions-api\MatchdayPredictions.Api.Tests\bin\Release\net10.0\MatchdayPredictions.Api.Tests.dll" adapterTypeName="executor://mstestadapter/v2" className="MatchdayPredictions.Api.Tests.Controllers.UsersControllerTests" name="GetSelf_WhenUserDoesNotExist_ReturnsNotFound" />
    </UnitTest>
  </TestDefinitions>
  <TestEntries>
    <TestEntry testId="2149a90d-45f1-5a99-315d-861c85492f8c" executionId="32644ed7-b7d9-42cc-b9dc-58a103670ba9" testListId="8c84fa94-04c1-424b-9868-57a2d4851a1d" />
    <TestEntry testId="9213d9f3-d29e-b113-e8c4-bcce92d6ab96" executionId="787a8c62-41f3-4635-8c34-309fd33c8426" testListId="8c84fa94-04c1-424b-9868-57a2d4851a1d" />
    <TestEntry testId="3429161e-0627-deb6-4163-9f2789d7e782" executionId="bfc73713-d1da-4df7-a2ff-02ea00e1a0e8" testListId="8c84fa94-04c1-424b-9868-57a2d4851a1d" />
    <TestEntry testId="720cbaf7-f35e-13d2-c36d-eda1beb8511b" executionId="a7ede7a5-862d-4baf-906d-f3452480abe8" testListId="8c84fa94-04c1-424b-9868-57a2d4851a1d" />
    <TestEntry testId="75b9f11f-0643-ea5b-4687-d901ab2ebd0c" executionId="a9fcbebd-0310-4fa6-8ad8-77db3bd24fff" testListId="8c84fa94-04c1-424b-9868-57a2d4851a1d" />
    <TestEntry testId="79a6d152-0a31-e881-f911-35ffa8c77251" executionId="104602a4-9ac2-4976-a1ae-c10c94aea583" testListId="8c84fa94-04c1-424b-9868-57a2d4851a1d" />
    <TestEntry testId="89c387e8-a15c-6cb6-241b-c5ea2a0f68f5" executionId="a99dd2a5-ccd9-4a5f-af84-6ef28ca26bad" testListId="8c84fa94-04c1-424b-9868-57a2d4851a1d" />
    <TestEntry testId="712c19c1-15e5-868c-f644-8681b9b21f5b" executionId="7ecdab4a-fb5b-4055-8861-808d3f5d9b40" testListId="8c84fa94-04c1-424b-9868-57a2d4851a1d" />
    <TestEntry testId="8d04cce8-929e-340a-d0ca-5620c566ded0" executionId="1acbb56a-5747-43ad-8fc4-5ed33f1766d7" testListId="8c84fa94-04c1-424b-9868-57a2d4851a1d" />
    <TestEntry testId="0248e9aa-cd60-bc38-9962-8d3a229fd4eb" executionId="0c03d804-a040-466e-86f8-285d9969a13d" testListId="8c84fa94-04c1-424b-9868-57a2d4851a1d" />
    <TestEntry testId="8f1f7246-61ca-eed8-f4af-412566bc1fb4" executionId="dbe8f4ea-07bd-4e3f-ad90-efc263a7d623" testListId="8c84fa94-04c1-424b-9868-57a2d4851a1d" />
    <TestEntry testId="4c2017e9-e193-54c9-889f-ea0615e597d7" executionId="d019a09d-6d8f-429a-9655-04138b9efa44" testListId="8c84fa94-04c1-424b-9868-57a2d4851a1d" />
    <TestEntry testId="f250ae68-b7a8-128c-51ec-ba63a1c17a98" executionId="5b356c5e-c3b9-48e6-90fb-ddacef599289" testListId="8c84fa94-04c1-424b-9868-57a2d4851a1d" />
    <TestEntry testId="64131082-c8d4-bf0a-687f-b83127ab982c" executionId="4cc47828-2b87-41b7-92de-58755baf98e0" testListId="8c84fa94-04c1-424b-9868-57a2d4851a1d" />
    <TestEntry testId="3405ef31-2719-b7a8-d43a-3d62cc1c81bc" executionId="54aa04e8-c202-4465-8565-7faee6b6426c" testListId="8c84fa94-04c1-424b-9868-57a2d4851a1d" />
    <TestEntry testId="a948b9c0-30d9-c888-9cc4-375205188ec9" executionId="25794824-244d-4cac-98d1-d1ad0f76cbd6" testListId="8c84fa94-04c1-424b-9868-57a2d4851a1d" />
    <TestEntry testId="7753707b-5f25-0689-b500-f91309425bab" executionId="5d16c214-d821-44bf-bedb-656e931a344a" testListId="8c84fa94-04c1-424b-9868-57a2d4851a1d" />
    <TestEntry testId="2711c7cf-0878-8aa1-8212-0f027f8f17a1" executionId="30bc230d-beec-4e1a-abf0-be73e2b77b6e" testListId="8c84fa94-04c1-424b-9868-57a2d4851a1d" />
    <TestEntry testId="73e4b876-bd5b-c66d-410f-afa1b750824d" executionId="aa557641-5e3a-4ec0-8bc0-20ce2d013ea6" testListId="8c84fa94-04c1-424b-9868-57a2d4851a1d" />
    <TestEntry testId="3bdc261c-1afd-8cec-cfd9-9569cf597eda" executionId="e130397c-ccd6-4e50-a7fd-ac7e4f15aa17" testListId="8c84fa94-04c1-424b-9868-57a2d4851a1d" />
    <TestEntry testId="c9ac06cd-925b-376f-f09d-bbfea2b33bb4" executionId="a16a1b58-8876-453b-bca3-8250bba77ae8" testListId="8c84fa94-04c1-424b-9868-57a2d4851a1d" />
    <TestEntry testId="db76548c-255a-11dd-80af-0c8b796c4b47" executionId="23907edd-a730-428f-9eb1-8f59f01cf5f9" testListId="8c84fa94-04c1-424b-9868-57a2d4851a1d" />
    <TestEntry testId="2e139c36-2a91-6155-0567-94123af5a3eb" executionId="86f8ec2e-8b69-447e-85e7-be2572a64979" testListId="8c84fa94-04c1-424b-9868-57a2d4851a1d" />
    <TestEntry testId="14a5c7bb-e607-75d6-1bab-72e743340ba3" executionId="8f3d4e67-5e42-40fc-915f-cd145ff2b794" testListId="8c84fa94-04c1-424b-9868-57a2d4851a1d" />
    <TestEntry testId="bfd2f272-8a6c-126c-1c47-7998a1c425b6" executionId="67700002-deef-48e3-bfd1-d8196fe29037" testListId="8c84fa94-04c1-424b-9868-57a2d4851a1d" />
    <TestEntry testId="fe6e8b41-239a-82e1-371c-f43631434fa3" executionId="387b03ef-2302-4492-ab57-20329d181bd1" testListId="8c84fa94-04c1-424b-9868-57a2d4851a1d" />
  </TestEntries>
  <TestLists>
    <TestList name="Results Not in a List" id="8c84fa94-04c1-424b-9868-57a2d4851a1d" />
    <TestList name="All Loaded Results" id="19431567-8539-422a-85d7-44ee4e166bda" />
  </TestLists>
  <ResultSummary outcome="Completed">
    <Counters total="26" executed="26" passed="26" failed="0" error="0" timeout="0" aborted="0" inconclusive="0" passedButRunAborted="0" notRunnable="0" notExecuted="0" disconnected="0" warning="0" completed="0" inProgress="0" pending="0" />
  </ResultSummary>
</TestRun>